<?xml version="1.0" encoding="UTF-8"?>
<!-- Generated by org.testng.reporters.JUnitXMLReporter -->
<testsuite ignored="0" hostname="DESKTOP-8S195GN" failures="0" tests="1" name="Test Chrome" time="22.514" errors="0" timestamp="2025-12-31T18:45:04 IST">
  <testcase classname="pageObjects.BaseClass" name="@BeforeClass setup" time="7.308">
    <failure type="io.github.bonigarcia.wdm.config.WebDriverManagerException" message="io.github.bonigarcia.wdm.config.WebDriverManagerException: java.lang.IllegalArgumentException: URI is not absolute">
      <![CDATA[io.github.bonigarcia.wdm.config.WebDriverManagerException: io.github.bonigarcia.wdm.config.WebDriverManagerException: java.lang.IllegalArgumentException: URI is not absolute
at io.github.bonigarcia.wdm.WebDriverManager.handleException(WebDriverManager.java:1465)
at io.github.bonigarcia.wdm.WebDriverManager.manage(WebDriverManager.java:1228)
at io.github.bonigarcia.wdm.WebDriverManager.fallback(WebDriverManager.java:1481)
at io.github.bonigarcia.wdm.WebDriverManager.handleException(WebDriverManager.java:1459)
at io.github.bonigarcia.wdm.WebDriverManager.manage(WebDriverManager.java:1228)
at io.github.bonigarcia.wdm.WebDriverManager.setup(WebDriverManager.java:429)
at pageObjects.BaseClass.setup(BaseClass.java:51)
at java.base/java.util.ArrayList.forEach(ArrayList.java:1596)
at java.base/java.util.concurrent.FutureTask.run(FutureTask.java:317)
at java.base/java.util.concurrent.ThreadPoolExecutor.runWorker(ThreadPoolExecutor.java:1144)
at java.base/java.util.concurrent.ThreadPoolExecutor$Worker.run(ThreadPoolExecutor.java:642)
at java.base/java.lang.Thread.run(Thread.java:1583)
Caused by: io.github.bonigarcia.wdm.config.WebDriverManagerException: java.lang.IllegalArgumentException: URI is not absolute
at io.github.bonigarcia.wdm.managers.EdgeDriverManager.getDriversFromXml(EdgeDriverManager.java:308)
at io.github.bonigarcia.wdm.managers.EdgeDriverManager.getDriverUrls(EdgeDriverManager.java:138)
at io.github.bonigarcia.wdm.WebDriverManager.createUrlHandler(WebDriverManager.java:1486)
at io.github.bonigarcia.wdm.WebDriverManager.download(WebDriverManager.java:1316)
at io.github.bonigarcia.wdm.WebDriverManager.manage(WebDriverManager.java:1222)
... 23 more
Caused by: java.lang.IllegalArgumentException: URI is not absolute
at java.base/java.net.URL.of(URL.java:862)
at java.base/java.net.URI.toURL(URI.java:1172)
at io.github.bonigarcia.wdm.managers.EdgeDriverManager.getDriversFromXml(EdgeDriverManager.java:300)
... 27 more
... Removed 13 stack frames]]>
    </failure>
  </testcase> <!-- @BeforeClass setup -->
  <testcase classname="pageObjects.BaseClass" name="@AfterClass tearDown" time="0.0">
    <skipped/>
  </testcase> <!-- @AfterClass tearDown -->
  <testcase classname="testCases.Test_01_RegistrationTest" name="testRegistration" time="9.514"/>
</testsuite> <!-- Test Chrome -->
