<?xml version="1.0" encoding="UTF-8"?>
<!-- Generated by org.testng.reporters.JUnitXMLReporter -->
<testsuite ignored="0" hostname="DESKTOP-8S195GN" failures="0" tests="30" name="Test" time="152.55" errors="0" timestamp="2026-01-01T14:24:51 IST">
  <testcase classname="testCases.Test_01_LoginDDT" name="test_login_ddt" time="9.326"/>
  <testcase classname="testCases.Test_01_LoginDDT" name="test_login_ddt" time="5.455"/>
  <testcase classname="testCases.Test_01_LoginDDT" name="test_login_ddt" time="5.254"/>
  <testcase classname="testCases.Test_01_LoginDDT" name="test_login_ddt" time="5.498"/>
  <testcase classname="testCases.Test_01_LoginDDT" name="test_login_ddt" time="4.562"/>
  <testcase classname="testCases.Test_01_LoginDDT" name="test_login_ddt" time="4.861"/>
  <testcase classname="testCases.Test_01_LoginDDT" name="test_login_ddt" time="4.029"/>
  <testcase classname="testCases.Test_01_LoginDDT" name="test_login_ddt" time="4.219"/>
  <testcase classname="testCases.Test_01_LoginDDT" name="test_login_ddt" time="4.013"/>
  <testcase classname="testCases.Test_01_LoginDDT" name="test_login_ddt" time="4.844"/>
  <testcase classname="testCases.Test_01_LoginDDT" name="test_login_ddt" time="4.572"/>
  <testcase classname="testCases.Test_01_LoginDDT" name="test_login_ddt" time="4.52"/>
  <testcase classname="testCases.Test_01_LoginDDT" name="test_login_ddt" time="4.88"/>
  <testcase classname="testCases.Test_01_LoginDDT" name="test_login_ddt" time="5.228"/>
  <testcase classname="testCases.Test_01_LoginDDT" name="test_login_ddt" time="4.039"/>
  <testcase classname="testCases.Test_01_LoginDDT" name="test_login_ddt" time="3.986"/>
  <testcase classname="testCases.Test_01_LoginDDT" name="test_login_ddt" time="4.198"/>
  <testcase classname="testCases.Test_01_LoginDDT" name="test_login_ddt" time="4.338"/>
  <testcase classname="testCases.Test_01_LoginDDT" name="test_login_ddt" time="4.003"/>
  <testcase classname="testCases.Test_01_LoginDDT" name="test_login_ddt" time="4.055"/>
  <testcase classname="testCases.Test_01_LoginDDT" name="test_login_ddt" time="4.151"/>
  <testcase classname="testCases.Test_01_LoginDDT" name="test_login_ddt" time="4.01"/>
  <testcase classname="testCases.Test_01_LoginDDT" name="test_login_ddt" time="4.031"/>
  <testcase classname="testCases.Test_01_LoginDDT" name="test_login_ddt" time="4.152"/>
  <testcase classname="testCases.Test_01_LoginDDT" name="test_login_ddt" time="4.132"/>
  <testcase classname="testCases.Test_01_LoginDDT" name="test_login_ddt" time="3.987"/>
  <testcase classname="testCases.Test_01_LoginDDT" name="test_login_ddt" time="3.964"/>
  <testcase classname="testCases.Test_01_LoginDDT" name="test_login_ddt" time="3.968"/>
  <testcase classname="testCases.Test_01_LoginDDT" name="test_login_ddt" time="4.103"/>
  <testcase classname="testCases.Test_01_LoginDDT" name="test_login_ddt" time="4.032"/>
</testsuite> <!-- Test -->
