<!DOCTYPE html>

<html>
  <head>
  <meta charset='utf-8'>
  <title>TestNG reports</title>

    <link type="text/css" href="testng-reports1.css" rel="stylesheet" id="ultra" />
    <link type="text/css" href="testng-reports.css" rel="stylesheet" id="retro" disabled="false"/>
    <script type="text/javascript" src="jquery-3.6.0.min.js"></script>
    <script type="text/javascript" src="testng-reports.js"></script>
    <script type="text/javascript" src="https://www.google.com/jsapi"></script>
    <script type='text/javascript'>
      google.load('visualization', '1', {packages:['table']});
      google.setOnLoadCallback(drawTable);
      var suiteTableInitFunctions = new Array();
      var suiteTableData = new Array();
    </script>
    <!--
      <script type="text/javascript" src="jquery-ui/js/jquery-ui-1.8.16.custom.min.js"></script>
     -->
  </head>

  <body>    <div class="top-banner-root">
      <span class="top-banner-title-font">Test results</span>
      <button id="button" class="button">Switch Retro Theme</button> <!-- button -->
      <br/>
      <span class="top-banner-font-1">1 suite, 14 failed tests</span>
    </div> <!-- top-banner-root -->
    <div class="navigator-root">
      <div class="navigator-suite-header">
        <span>All suites</span>
        <a href="#" title="Collapse/expand all the suites" class="collapse-all-link">
          <img src="collapseall.gif" class="collapse-all-icon">
          </img> <!-- collapse-all-icon -->
        </a> <!-- collapse-all-link -->
      </div> <!-- navigator-suite-header -->
      <div class="suite">
        <div class="rounded-window">
          <div class="suite-header light-rounded-window-top">
            <a href="#" panel-name="suite-Suite" class="navigator-link">
              <span class="suite-name border-failed">Suite</span>
            </a> <!-- navigator-link -->
          </div> <!-- suite-header light-rounded-window-top -->
          <div class="navigator-suite-content">
            <div class="suite-section-title">
              <span>Info</span>
            </div> <!-- suite-section-title -->
            <div class="suite-section-content">
              <ul>
                <li>
                  <a href="#" panel-name="test-xml-Suite" class="navigator-link ">
                    <span>C:\Users\Hp\BoomBolt_Automation\BoomBolt_Automation_Project\masterTestng.xml</span>
                  </a> <!-- navigator-link  -->
                </li>
                <li>
                  <a href="#" panel-name="testlist-Suite" class="navigator-link ">
                    <span class="test-stats">1 test</span>
                  </a> <!-- navigator-link  -->
                </li>
                <li>
                  <a href="#" panel-name="group-Suite" class="navigator-link ">
                    <span>0 groups</span>
                  </a> <!-- navigator-link  -->
                </li>
                <li>
                  <a href="#" panel-name="times-Suite" class="navigator-link ">
                    <span>Times</span>
                  </a> <!-- navigator-link  -->
                </li>
                <li>
                  <a href="#" panel-name="reporter-Suite" class="navigator-link ">
                    <span>Reporter output</span>
                  </a> <!-- navigator-link  -->
                </li>
                <li>
                  <a href="#" panel-name="ignored-methods-Suite" class="navigator-link ">
                    <span>Ignored methods</span>
                  </a> <!-- navigator-link  -->
                </li>
                <li>
                  <a href="#" panel-name="chronological-Suite" class="navigator-link ">
                    <span>Chronological view</span>
                  </a> <!-- navigator-link  -->
                </li>
              </ul>
            </div> <!-- suite-section-content -->
            <div class="result-section">
              <div class="suite-section-title">
                <span>Results</span>
              </div> <!-- suite-section-title -->
              <div class="suite-section-content">
                <ul>
                  <li>
                    <span class="method-stats">30 methods, 14 failed,   16 passed</span>
                  </li>
                  <li>
                    <span class="method-list-title failed">Failed methods</span>
                    <span class="show-or-hide-methods failed">
                      <a href="#" panel-name="suite-Suite" class="hide-methods failed suite-Suite"> (hide)</a> <!-- hide-methods failed suite-Suite -->
                      <a href="#" panel-name="suite-Suite" class="show-methods failed suite-Suite"> (show)</a> <!-- show-methods failed suite-Suite -->
                    </span>
                    <div class="method-list-content failed suite-Suite">
                      <span>
                        <img src="failed.png" width="3%"/>
                        <a href="#" panel-name="suite-Suite" title="testCases.Test_01_LoginDDT" class="method navigator-link" hash-for-method="test_loginDDT(pdemeadl, ejeffl@nba.com, jD4&amp;S|hLH)">test_loginDDT(pdemeadl, ejeffl@nba.com, jD4&S|hLH)</a> <!-- method navigator-link -->
                      </span>
                      <br/>
                      <span>
                        <img src="failed.png" width="3%"/>
                        <a href="#" panel-name="suite-Suite" title="testCases.Test_01_LoginDDT" class="method navigator-link" hash-for-method="test_loginDDT(lkibbeys, rollets@seesaa.net, yX0=#vYLNDrKTEr)">test_loginDDT(lkibbeys, rollets@seesaa.net, yX0=#vYLNDrKTEr)</a> <!-- method navigator-link -->
                      </span>
                      <br/>
                      <span>
                        <img src="failed.png" width="3%"/>
                        <a href="#" panel-name="suite-Suite" title="testCases.Test_01_LoginDDT" class="method navigator-link" hash-for-method="test_loginDDT(lbritneyk, lchasierk@theglobeandmail.com, qM0\|eunU/s)">test_loginDDT(lbritneyk, lchasierk@theglobeandmail.com, qM0\|eunU/s)</a> <!-- method navigator-link -->
                      </span>
                      <br/>
                      <span>
                        <img src="failed.png" width="3%"/>
                        <a href="#" panel-name="suite-Suite" title="testCases.Test_01_LoginDDT" class="method navigator-link" hash-for-method="test_loginDDT(sscrimshawh, fberneyh@bloglines.com, iI8&quot;,V*7L{Eyw)">test_loginDDT(sscrimshawh, fberneyh@bloglines.com, iI8",V*7L{Eyw)</a> <!-- method navigator-link -->
                      </span>
                      <br/>
                      <span>
                        <img src="failed.png" width="3%"/>
                        <a href="#" panel-name="suite-Suite" title="testCases.Test_01_LoginDDT" class="method navigator-link" hash-for-method="test_loginDDT(amccalumm, ahandslipm@liveinternet.ru, kW9|X&gt;EAEr,5Eg,)">test_loginDDT(amccalumm, ahandslipm@liveinternet.ru, kW9|X>EAEr,5Eg,)</a> <!-- method navigator-link -->
                      </span>
                      <br/>
                      <span>
                        <img src="failed.png" width="3%"/>
                        <a href="#" panel-name="suite-Suite" title="testCases.Test_01_LoginDDT" class="method navigator-link" hash-for-method="test_loginDDT(dwoollandp, dcamlinp@blogtalkradio.com, vN2}Y{p9A_#!o1)">test_loginDDT(dwoollandp, dcamlinp@blogtalkradio.com, vN2}Y{p9A_#!o1)</a> <!-- method navigator-link -->
                      </span>
                      <br/>
                      <span>
                        <img src="failed.png" width="3%"/>
                        <a href="#" panel-name="suite-Suite" title="testCases.Test_01_LoginDDT" class="method navigator-link" hash-for-method="test_loginDDT(dspringfordo, cgironeo@tuttocitta.it, jW3?g#Ql)czc&lt;}&lt;)">test_loginDDT(dspringfordo, cgironeo@tuttocitta.it, jW3?g#Ql)czc<}<)</a> <!-- method navigator-link -->
                      </span>
                      <br/>
                      <span>
                        <img src="failed.png" width="3%"/>
                        <a href="#" panel-name="suite-Suite" title="testCases.Test_01_LoginDDT" class="method navigator-link" hash-for-method="test_loginDDT(mfreeart, gcharmant@timesonline.co.uk, kG5!MPUpJ!y)5D)">test_loginDDT(mfreeart, gcharmant@timesonline.co.uk, kG5!MPUpJ!y)5D)</a> <!-- method navigator-link -->
                      </span>
                      <br/>
                      <span>
                        <img src="failed.png" width="3%"/>
                        <a href="#" panel-name="suite-Suite" title="testCases.Test_01_LoginDDT" class="method navigator-link" hash-for-method="test_loginDDT(rbyfordq, rhamelynq@yahoo.co.jp, kF5*nI(Bcp)">test_loginDDT(rbyfordq, rhamelynq@yahoo.co.jp, kF5*nI(Bcp)</a> <!-- method navigator-link -->
                      </span>
                      <br/>
                      <span>
                        <img src="failed.png" width="3%"/>
                        <a href="#" panel-name="suite-Suite" title="testCases.Test_01_LoginDDT" class="method navigator-link" hash-for-method="test_loginDDT(aripleyi, tskymi@example.com, pF7&gt;*dV{&#039;~a&amp;3)">test_loginDDT(aripleyi, tskymi@example.com, pF7>*dV{'~a&3)</a> <!-- method navigator-link -->
                      </span>
                      <br/>
                      <span>
                        <img src="failed.png" width="3%"/>
                        <a href="#" panel-name="suite-Suite" title="testCases.Test_01_LoginDDT" class="method navigator-link" hash-for-method="test_loginDDT(egreensetn, seuln@infoseek.co.jp, eJ3~qyQ&amp;!S(n)">test_loginDDT(egreensetn, seuln@infoseek.co.jp, eJ3~qyQ&!S(n)</a> <!-- method navigator-link -->
                      </span>
                      <br/>
                      <span>
                        <img src="failed.png" width="3%"/>
                        <a href="#" panel-name="suite-Suite" title="testCases.Test_01_LoginDDT" class="method navigator-link" hash-for-method="test_loginDDT(wguisoj, chenkerj@tumblr.com, cY0@iF%Ug)u)">test_loginDDT(wguisoj, chenkerj@tumblr.com, cY0@iF%Ug)u)</a> <!-- method navigator-link -->
                      </span>
                      <br/>
                      <span>
                        <img src="failed.png" width="3%"/>
                        <a href="#" panel-name="suite-Suite" title="testCases.Test_01_LoginDDT" class="method navigator-link" hash-for-method="test_loginDDT(rlemerleg, sbettisg@sohu.com, yU5_0U~yY)">test_loginDDT(rlemerleg, sbettisg@sohu.com, yU5_0U~yY)</a> <!-- method navigator-link -->
                      </span>
                      <br/>
                      <span>
                        <img src="failed.png" width="3%"/>
                        <a href="#" panel-name="suite-Suite" title="testCases.Test_01_LoginDDT" class="method navigator-link" hash-for-method="test_loginDDT(gblowingr, cabramzonr@netscape.com, wK3*P&lt;U7_n&quot;hji0k)">test_loginDDT(gblowingr, cabramzonr@netscape.com, wK3*P<U7_n"hji0k)</a> <!-- method navigator-link -->
                      </span>
                      <br/>
                    </div> <!-- method-list-content failed suite-Suite -->
                  </li>
                  <li>
                    <span class="method-list-title passed">Passed methods</span>
                    <span class="show-or-hide-methods passed">
                      <a href="#" panel-name="suite-Suite" class="hide-methods passed suite-Suite"> (hide)</a> <!-- hide-methods passed suite-Suite -->
                      <a href="#" panel-name="suite-Suite" class="show-methods passed suite-Suite"> (show)</a> <!-- show-methods passed suite-Suite -->
                    </span>
                    <div class="method-list-content passed suite-Suite">
                      <span>
                        <img src="passed.png" width="3%"/>
                        <a href="#" panel-name="suite-Suite" title="testCases.Test_01_LoginDDT" class="method navigator-link" hash-for-method="test_loginDDT(bruxton8, jbaffin8@mozilla.org, xJ5&amp;iZs#x2o)">test_loginDDT(bruxton8, jbaffin8@mozilla.org, xJ5&iZs#x2o)</a> <!-- method navigator-link -->
                      </span>
                      <br/>
                      <span>
                        <img src="passed.png" width="3%"/>
                        <a href="#" panel-name="suite-Suite" title="testCases.Test_01_LoginDDT" class="method navigator-link" hash-for-method="test_loginDDT(hbroxtonb, caleavyb@lulu.com, fD6}+B*)&lt;@R!L+r)">test_loginDDT(hbroxtonb, caleavyb@lulu.com, fD6}+B*)<@R!L+r)</a> <!-- method navigator-link -->
                      </span>
                      <br/>
                      <span>
                        <img src="passed.png" width="3%"/>
                        <a href="#" panel-name="suite-Suite" title="testCases.Test_01_LoginDDT" class="method navigator-link" hash-for-method="test_loginDDT(sbramley3, mcroxley3@jugem.jp, kP5!)&lt;8JPGT})">test_loginDDT(sbramley3, mcroxley3@jugem.jp, kP5!)<8JPGT})</a> <!-- method navigator-link -->
                      </span>
                      <br/>
                      <span>
                        <img src="passed.png" width="3%"/>
                        <a href="#" panel-name="suite-Suite" title="testCases.Test_01_LoginDDT" class="method navigator-link" hash-for-method="test_loginDDT(iriccioppo5, wgifford5@marketwatch.com, gH7&amp;k2c!{2d}C{&lt;)">test_loginDDT(iriccioppo5, wgifford5@marketwatch.com, gH7&k2c!{2d}C{<)</a> <!-- method navigator-link -->
                      </span>
                      <br/>
                      <span>
                        <img src="passed.png" width="3%"/>
                        <a href="#" panel-name="suite-Suite" title="testCases.Test_01_LoginDDT" class="method navigator-link" hash-for-method="test_loginDDT(rghelerdini7, sgravy7@about.me, lR2(B5=9&gt;v?vK)">test_loginDDT(rghelerdini7, sgravy7@about.me, lR2(B5=9>v?vK)</a> <!-- method navigator-link -->
                      </span>
                      <br/>
                      <span>
                        <img src="passed.png" width="3%"/>
                        <a href="#" panel-name="suite-Suite" title="testCases.Test_01_LoginDDT" class="method navigator-link" hash-for-method="test_loginDDT(epeskett0, kmckeney0@thetimes.co.uk, lM3(d&quot;|iB!,e*/2)">test_loginDDT(epeskett0, kmckeney0@thetimes.co.uk, lM3(d"|iB!,e*/2)</a> <!-- method navigator-link -->
                      </span>
                      <br/>
                      <span>
                        <img src="passed.png" width="3%"/>
                        <a href="#" panel-name="suite-Suite" title="testCases.Test_01_LoginDDT" class="method navigator-link" hash-for-method="test_loginDDT(pjoriota, etomczynskia@amazon.com, pM8)wM#\HU)2v)">test_loginDDT(pjoriota, etomczynskia@amazon.com, pM8)wM#\HU)2v)</a> <!-- method navigator-link -->
                      </span>
                      <br/>
                      <span>
                        <img src="passed.png" width="3%"/>
                        <a href="#" panel-name="suite-Suite" title="testCases.Test_01_LoginDDT" class="method navigator-link" hash-for-method="test_loginDDT(rcaldaro4, cfarloe4@tumblr.com, bW6.!UKIv&quot;P6=MR)">test_loginDDT(rcaldaro4, cfarloe4@tumblr.com, bW6.!UKIv"P6=MR)</a> <!-- method navigator-link -->
                      </span>
                      <br/>
                      <span>
                        <img src="passed.png" width="3%"/>
                        <a href="#" panel-name="suite-Suite" title="testCases.Test_01_LoginDDT" class="method navigator-link" hash-for-method="test_loginDDT(gwillerstoned, cmancerd@livejournal.com, sC7.*D&#039;cFnL&#039;w!))">test_loginDDT(gwillerstoned, cmancerd@livejournal.com, sC7.*D'cFnL'w!))</a> <!-- method navigator-link -->
                      </span>
                      <br/>
                      <span>
                        <img src="passed.png" width="3%"/>
                        <a href="#" panel-name="suite-Suite" title="testCases.Test_01_LoginDDT" class="method navigator-link" hash-for-method="test_loginDDT(epaddief, tjillittf@prweb.com, zS5@/b&lt;v=)">test_loginDDT(epaddief, tjillittf@prweb.com, zS5@/b<v=)</a> <!-- method navigator-link -->
                      </span>
                      <br/>
                      <span>
                        <img src="passed.png" width="3%"/>
                        <a href="#" panel-name="suite-Suite" title="testCases.Test_01_LoginDDT" class="method navigator-link" hash-for-method="test_loginDDT(tcasetti1, ccousin1@yellowpages.com, xP1&quot;42*n!FS)">test_loginDDT(tcasetti1, ccousin1@yellowpages.com, xP1"42*n!FS)</a> <!-- method navigator-link -->
                      </span>
                      <br/>
                      <span>
                        <img src="passed.png" width="3%"/>
                        <a href="#" panel-name="suite-Suite" title="testCases.Test_01_LoginDDT" class="method navigator-link" hash-for-method="test_loginDDT(wdressell2, dmarron2@nytimes.com, nU5{,B&quot;&amp;+y)">test_loginDDT(wdressell2, dmarron2@nytimes.com, nU5{,B"&+y)</a> <!-- method navigator-link -->
                      </span>
                      <br/>
                      <span>
                        <img src="passed.png" width="3%"/>
                        <a href="#" panel-name="suite-Suite" title="testCases.Test_01_LoginDDT" class="method navigator-link" hash-for-method="test_loginDDT(tarlottc, aitzcovichc@phoca.cz, eJ7)Ui1hU!/.)">test_loginDDT(tarlottc, aitzcovichc@phoca.cz, eJ7)Ui1hU!/.)</a> <!-- method navigator-link -->
                      </span>
                      <br/>
                      <span>
                        <img src="passed.png" width="3%"/>
                        <a href="#" panel-name="suite-Suite" title="testCases.Test_01_LoginDDT" class="method navigator-link" hash-for-method="test_loginDDT(amacalpinee, smclenaghane@toplist.cz, lZ2+g,ElD&quot;)">test_loginDDT(amacalpinee, smclenaghane@toplist.cz, lZ2+g,ElD")</a> <!-- method navigator-link -->
                      </span>
                      <br/>
                      <span>
                        <img src="passed.png" width="3%"/>
                        <a href="#" panel-name="suite-Suite" title="testCases.Test_01_LoginDDT" class="method navigator-link" hash-for-method="test_loginDDT(dvel6, dflegg6@wordpress.com, zR5~5}W)*34dLP})">test_loginDDT(dvel6, dflegg6@wordpress.com, zR5~5}W)*34dLP})</a> <!-- method navigator-link -->
                      </span>
                      <br/>
                      <span>
                        <img src="passed.png" width="3%"/>
                        <a href="#" panel-name="suite-Suite" title="testCases.Test_01_LoginDDT" class="method navigator-link" hash-for-method="test_loginDDT(mtie9, rpenas9@redcross.org, iT0&quot;aqzeppJH+*J)">test_loginDDT(mtie9, rpenas9@redcross.org, iT0"aqzeppJH+*J)</a> <!-- method navigator-link -->
                      </span>
                      <br/>
                    </div> <!-- method-list-content passed suite-Suite -->
                  </li>
                </ul>
              </div> <!-- suite-section-content -->
            </div> <!-- result-section -->
          </div> <!-- navigator-suite-content -->
        </div> <!-- rounded-window -->
      </div> <!-- suite -->
    </div> <!-- navigator-root -->
    <div class="wrapper">
      <div class="main-panel-root">
        <div panel-name="suite-Suite" class="panel Suite">
          <div class="suite-Suite-class-failed">
            <div class="main-panel-header rounded-window-top">
              <img src="failed.png"/>
              <span class="class-name">testCases.Test_01_LoginDDT</span>
            </div> <!-- main-panel-header rounded-window-top -->
            <div class="main-panel-content rounded-window-bottom">
              <div class="method">
                <div class="method-content">
                  <a name="test_loginDDT(pdemeadl, ejeffl@nba.com, jD4&amp;S|hLH)">
                  </a> <!-- test_loginDDT(pdemeadl, ejeffl@nba.com, jD4&S|hLH) -->
                  <span class="method-name">test_loginDDT</span>
                  <span class="parameters">(pdemeadl,ejeffl@nba.com,jD4&S|hLH)</span>
                  <div class="stack-trace">org.openqa.selenium.NoSuchWindowException: no such window: target window already closed
from unknown error: web view not found
  (Session info: chrome=142.0.7444.176)
Build info: version: &apos;4.34.0&apos;, revision: &apos;707dcb4246*&apos;
System info: os.name: &apos;Windows 11&apos;, os.arch: &apos;amd64&apos;, os.version: &apos;10.0&apos;, java.version: &apos;21.0.8&apos;
Driver info: org.openqa.selenium.chrome.ChromeDriver
Command: [3796afbff687a4117dee2e6e41cd7870, get {url=https://boombolt.in/my-account/}]
Capabilities {acceptInsecureCerts: false, browserName: chrome, browserVersion: 142.0.7444.176, chrome: {chromedriverVersion: 142.0.7444.175 (302067f14a4..., userDataDir: C:\Users\Hp\AppData\Local\T...}, fedcm:accounts: true, goog:chromeOptions: {debuggerAddress: localhost:5985}, goog:processID: 15812, networkConnectionEnabled: false, pageLoadStrategy: normal, platformName: windows, proxy: Proxy(), se:cdp: ws://localhost:5985/devtool..., se:cdpVersion: 142.0.7444.176, setWindowRect: true, strictFileInteractability: false, timeouts: {implicit: 0, pageLoad: 300000, script: 30000}, unhandledPromptBehavior: dismiss and notify, webauthn:extension:credBlob: true, webauthn:extension:largeBlob: true, webauthn:extension:minPinLength: true, webauthn:extension:prf: true, webauthn:virtualAuthenticators: true}
Session ID: 3796afbff687a4117dee2e6e41cd7870
	at org.openqa.selenium.remote.ErrorCodec.decode(ErrorCodec.java:167)
	at org.openqa.selenium.remote.codec.w3c.W3CHttpResponseCodec.decode(W3CHttpResponseCodec.java:138)
	at org.openqa.selenium.remote.codec.w3c.W3CHttpResponseCodec.decode(W3CHttpResponseCodec.java:50)
	at org.openqa.selenium.remote.HttpCommandExecutor.execute(HttpCommandExecutor.java:215)
	at org.openqa.selenium.remote.service.DriverCommandExecutor.invokeExecute(DriverCommandExecutor.java:216)
	at org.openqa.selenium.remote.service.DriverCommandExecutor.execute(DriverCommandExecutor.java:174)
	at org.openqa.selenium.remote.RemoteWebDriver.execute(RemoteWebDriver.java:544)
	at org.openqa.selenium.remote.RemoteWebDriver.get(RemoteWebDriver.java:312)
	at org.openqa.selenium.remote.RemoteWebDriver$RemoteNavigation.to(RemoteWebDriver.java:1076)
	at testCases.Test_01_LoginDDT.test_loginDDT(Test_01_LoginDDT.java:35)
	at java.base/java.util.ArrayList.forEach(ArrayList.java:1596)
... Removed 28 stack frames
</div> <!-- stack-trace -->
                </div> <!-- method-content -->
              </div> <!-- method -->
              <div class="method">
                <div class="method-content">
                  <a name="test_loginDDT(lkibbeys, rollets@seesaa.net, yX0=#vYLNDrKTEr)">
                  </a> <!-- test_loginDDT(lkibbeys, rollets@seesaa.net, yX0=#vYLNDrKTEr) -->
                  <span class="method-name">test_loginDDT</span>
                  <span class="parameters">(lkibbeys,rollets@seesaa.net,yX0=#vYLNDrKTEr)</span>
                  <div class="stack-trace">org.openqa.selenium.NoSuchWindowException: no such window: target window already closed
from unknown error: web view not found
  (Session info: chrome=142.0.7444.176)
Build info: version: &apos;4.34.0&apos;, revision: &apos;707dcb4246*&apos;
System info: os.name: &apos;Windows 11&apos;, os.arch: &apos;amd64&apos;, os.version: &apos;10.0&apos;, java.version: &apos;21.0.8&apos;
Driver info: org.openqa.selenium.chrome.ChromeDriver
Command: [3796afbff687a4117dee2e6e41cd7870, get {url=https://boombolt.in/my-account/}]
Capabilities {acceptInsecureCerts: false, browserName: chrome, browserVersion: 142.0.7444.176, chrome: {chromedriverVersion: 142.0.7444.175 (302067f14a4..., userDataDir: C:\Users\Hp\AppData\Local\T...}, fedcm:accounts: true, goog:chromeOptions: {debuggerAddress: localhost:5985}, goog:processID: 15812, networkConnectionEnabled: false, pageLoadStrategy: normal, platformName: windows, proxy: Proxy(), se:cdp: ws://localhost:5985/devtool..., se:cdpVersion: 142.0.7444.176, setWindowRect: true, strictFileInteractability: false, timeouts: {implicit: 0, pageLoad: 300000, script: 30000}, unhandledPromptBehavior: dismiss and notify, webauthn:extension:credBlob: true, webauthn:extension:largeBlob: true, webauthn:extension:minPinLength: true, webauthn:extension:prf: true, webauthn:virtualAuthenticators: true}
Session ID: 3796afbff687a4117dee2e6e41cd7870
	at org.openqa.selenium.remote.ErrorCodec.decode(ErrorCodec.java:167)
	at org.openqa.selenium.remote.codec.w3c.W3CHttpResponseCodec.decode(W3CHttpResponseCodec.java:138)
	at org.openqa.selenium.remote.codec.w3c.W3CHttpResponseCodec.decode(W3CHttpResponseCodec.java:50)
	at org.openqa.selenium.remote.HttpCommandExecutor.execute(HttpCommandExecutor.java:215)
	at org.openqa.selenium.remote.service.DriverCommandExecutor.invokeExecute(DriverCommandExecutor.java:216)
	at org.openqa.selenium.remote.service.DriverCommandExecutor.execute(DriverCommandExecutor.java:174)
	at org.openqa.selenium.remote.RemoteWebDriver.execute(RemoteWebDriver.java:544)
	at org.openqa.selenium.remote.RemoteWebDriver.get(RemoteWebDriver.java:312)
	at org.openqa.selenium.remote.RemoteWebDriver$RemoteNavigation.to(RemoteWebDriver.java:1076)
	at testCases.Test_01_LoginDDT.test_loginDDT(Test_01_LoginDDT.java:35)
	at java.base/java.util.ArrayList.forEach(ArrayList.java:1596)
... Removed 28 stack frames
</div> <!-- stack-trace -->
                </div> <!-- method-content -->
              </div> <!-- method -->
              <div class="method">
                <div class="method-content">
                  <a name="test_loginDDT(lbritneyk, lchasierk@theglobeandmail.com, qM0\|eunU/s)">
                  </a> <!-- test_loginDDT(lbritneyk, lchasierk@theglobeandmail.com, qM0\|eunU/s) -->
                  <span class="method-name">test_loginDDT</span>
                  <span class="parameters">(lbritneyk,lchasierk@theglobeandmail.com,qM0\|eunU/s)</span>
                  <div class="stack-trace">org.openqa.selenium.NoSuchWindowException: no such window: target window already closed
from unknown error: web view not found
  (Session info: chrome=142.0.7444.176)
Build info: version: &apos;4.34.0&apos;, revision: &apos;707dcb4246*&apos;
System info: os.name: &apos;Windows 11&apos;, os.arch: &apos;amd64&apos;, os.version: &apos;10.0&apos;, java.version: &apos;21.0.8&apos;
Driver info: org.openqa.selenium.chrome.ChromeDriver
Command: [3796afbff687a4117dee2e6e41cd7870, get {url=https://boombolt.in/my-account/}]
Capabilities {acceptInsecureCerts: false, browserName: chrome, browserVersion: 142.0.7444.176, chrome: {chromedriverVersion: 142.0.7444.175 (302067f14a4..., userDataDir: C:\Users\Hp\AppData\Local\T...}, fedcm:accounts: true, goog:chromeOptions: {debuggerAddress: localhost:5985}, goog:processID: 15812, networkConnectionEnabled: false, pageLoadStrategy: normal, platformName: windows, proxy: Proxy(), se:cdp: ws://localhost:5985/devtool..., se:cdpVersion: 142.0.7444.176, setWindowRect: true, strictFileInteractability: false, timeouts: {implicit: 0, pageLoad: 300000, script: 30000}, unhandledPromptBehavior: dismiss and notify, webauthn:extension:credBlob: true, webauthn:extension:largeBlob: true, webauthn:extension:minPinLength: true, webauthn:extension:prf: true, webauthn:virtualAuthenticators: true}
Session ID: 3796afbff687a4117dee2e6e41cd7870
	at org.openqa.selenium.remote.ErrorCodec.decode(ErrorCodec.java:167)
	at org.openqa.selenium.remote.codec.w3c.W3CHttpResponseCodec.decode(W3CHttpResponseCodec.java:138)
	at org.openqa.selenium.remote.codec.w3c.W3CHttpResponseCodec.decode(W3CHttpResponseCodec.java:50)
	at org.openqa.selenium.remote.HttpCommandExecutor.execute(HttpCommandExecutor.java:215)
	at org.openqa.selenium.remote.service.DriverCommandExecutor.invokeExecute(DriverCommandExecutor.java:216)
	at org.openqa.selenium.remote.service.DriverCommandExecutor.execute(DriverCommandExecutor.java:174)
	at org.openqa.selenium.remote.RemoteWebDriver.execute(RemoteWebDriver.java:544)
	at org.openqa.selenium.remote.RemoteWebDriver.get(RemoteWebDriver.java:312)
	at org.openqa.selenium.remote.RemoteWebDriver$RemoteNavigation.to(RemoteWebDriver.java:1076)
	at testCases.Test_01_LoginDDT.test_loginDDT(Test_01_LoginDDT.java:35)
	at java.base/java.util.ArrayList.forEach(ArrayList.java:1596)
... Removed 28 stack frames
</div> <!-- stack-trace -->
                </div> <!-- method-content -->
              </div> <!-- method -->
              <div class="method">
                <div class="method-content">
                  <a name="test_loginDDT(sscrimshawh, fberneyh@bloglines.com, iI8&quot;,V*7L{Eyw)">
                  </a> <!-- test_loginDDT(sscrimshawh, fberneyh@bloglines.com, iI8",V*7L{Eyw) -->
                  <span class="method-name">test_loginDDT</span>
                  <span class="parameters">(sscrimshawh,fberneyh@bloglines.com,iI8",V*7L{Eyw)</span>
                  <div class="stack-trace">org.openqa.selenium.NoSuchWindowException: no such window: target window already closed
from unknown error: web view not found
  (Session info: chrome=142.0.7444.176)
Build info: version: &apos;4.34.0&apos;, revision: &apos;707dcb4246*&apos;
System info: os.name: &apos;Windows 11&apos;, os.arch: &apos;amd64&apos;, os.version: &apos;10.0&apos;, java.version: &apos;21.0.8&apos;
Driver info: org.openqa.selenium.chrome.ChromeDriver
Command: [3796afbff687a4117dee2e6e41cd7870, get {url=https://boombolt.in/my-account/}]
Capabilities {acceptInsecureCerts: false, browserName: chrome, browserVersion: 142.0.7444.176, chrome: {chromedriverVersion: 142.0.7444.175 (302067f14a4..., userDataDir: C:\Users\Hp\AppData\Local\T...}, fedcm:accounts: true, goog:chromeOptions: {debuggerAddress: localhost:5985}, goog:processID: 15812, networkConnectionEnabled: false, pageLoadStrategy: normal, platformName: windows, proxy: Proxy(), se:cdp: ws://localhost:5985/devtool..., se:cdpVersion: 142.0.7444.176, setWindowRect: true, strictFileInteractability: false, timeouts: {implicit: 0, pageLoad: 300000, script: 30000}, unhandledPromptBehavior: dismiss and notify, webauthn:extension:credBlob: true, webauthn:extension:largeBlob: true, webauthn:extension:minPinLength: true, webauthn:extension:prf: true, webauthn:virtualAuthenticators: true}
Session ID: 3796afbff687a4117dee2e6e41cd7870
	at org.openqa.selenium.remote.ErrorCodec.decode(ErrorCodec.java:167)
	at org.openqa.selenium.remote.codec.w3c.W3CHttpResponseCodec.decode(W3CHttpResponseCodec.java:138)
	at org.openqa.selenium.remote.codec.w3c.W3CHttpResponseCodec.decode(W3CHttpResponseCodec.java:50)
	at org.openqa.selenium.remote.HttpCommandExecutor.execute(HttpCommandExecutor.java:215)
	at org.openqa.selenium.remote.service.DriverCommandExecutor.invokeExecute(DriverCommandExecutor.java:216)
	at org.openqa.selenium.remote.service.DriverCommandExecutor.execute(DriverCommandExecutor.java:174)
	at org.openqa.selenium.remote.RemoteWebDriver.execute(RemoteWebDriver.java:544)
	at org.openqa.selenium.remote.RemoteWebDriver.get(RemoteWebDriver.java:312)
	at org.openqa.selenium.remote.RemoteWebDriver$RemoteNavigation.to(RemoteWebDriver.java:1076)
	at testCases.Test_01_LoginDDT.test_loginDDT(Test_01_LoginDDT.java:35)
	at java.base/java.util.ArrayList.forEach(ArrayList.java:1596)
... Removed 28 stack frames
</div> <!-- stack-trace -->
                </div> <!-- method-content -->
              </div> <!-- method -->
              <div class="method">
                <div class="method-content">
                  <a name="test_loginDDT(amccalumm, ahandslipm@liveinternet.ru, kW9|X&gt;EAEr,5Eg,)">
                  </a> <!-- test_loginDDT(amccalumm, ahandslipm@liveinternet.ru, kW9|X>EAEr,5Eg,) -->
                  <span class="method-name">test_loginDDT</span>
                  <span class="parameters">(amccalumm,ahandslipm@liveinternet.ru,kW9|X>EAEr,5Eg,)</span>
                  <div class="stack-trace">org.openqa.selenium.NoSuchWindowException: no such window: target window already closed
from unknown error: web view not found
  (Session info: chrome=142.0.7444.176)
Build info: version: &apos;4.34.0&apos;, revision: &apos;707dcb4246*&apos;
System info: os.name: &apos;Windows 11&apos;, os.arch: &apos;amd64&apos;, os.version: &apos;10.0&apos;, java.version: &apos;21.0.8&apos;
Driver info: org.openqa.selenium.chrome.ChromeDriver
Command: [3796afbff687a4117dee2e6e41cd7870, get {url=https://boombolt.in/my-account/}]
Capabilities {acceptInsecureCerts: false, browserName: chrome, browserVersion: 142.0.7444.176, chrome: {chromedriverVersion: 142.0.7444.175 (302067f14a4..., userDataDir: C:\Users\Hp\AppData\Local\T...}, fedcm:accounts: true, goog:chromeOptions: {debuggerAddress: localhost:5985}, goog:processID: 15812, networkConnectionEnabled: false, pageLoadStrategy: normal, platformName: windows, proxy: Proxy(), se:cdp: ws://localhost:5985/devtool..., se:cdpVersion: 142.0.7444.176, setWindowRect: true, strictFileInteractability: false, timeouts: {implicit: 0, pageLoad: 300000, script: 30000}, unhandledPromptBehavior: dismiss and notify, webauthn:extension:credBlob: true, webauthn:extension:largeBlob: true, webauthn:extension:minPinLength: true, webauthn:extension:prf: true, webauthn:virtualAuthenticators: true}
Session ID: 3796afbff687a4117dee2e6e41cd7870
	at org.openqa.selenium.remote.ErrorCodec.decode(ErrorCodec.java:167)
	at org.openqa.selenium.remote.codec.w3c.W3CHttpResponseCodec.decode(W3CHttpResponseCodec.java:138)
	at org.openqa.selenium.remote.codec.w3c.W3CHttpResponseCodec.decode(W3CHttpResponseCodec.java:50)
	at org.openqa.selenium.remote.HttpCommandExecutor.execute(HttpCommandExecutor.java:215)
	at org.openqa.selenium.remote.service.DriverCommandExecutor.invokeExecute(DriverCommandExecutor.java:216)
	at org.openqa.selenium.remote.service.DriverCommandExecutor.execute(DriverCommandExecutor.java:174)
	at org.openqa.selenium.remote.RemoteWebDriver.execute(RemoteWebDriver.java:544)
	at org.openqa.selenium.remote.RemoteWebDriver.get(RemoteWebDriver.java:312)
	at org.openqa.selenium.remote.RemoteWebDriver$RemoteNavigation.to(RemoteWebDriver.java:1076)
	at testCases.Test_01_LoginDDT.test_loginDDT(Test_01_LoginDDT.java:35)
	at java.base/java.util.ArrayList.forEach(ArrayList.java:1596)
... Removed 28 stack frames
</div> <!-- stack-trace -->
                </div> <!-- method-content -->
              </div> <!-- method -->
              <div class="method">
                <div class="method-content">
                  <a name="test_loginDDT(dwoollandp, dcamlinp@blogtalkradio.com, vN2}Y{p9A_#!o1)">
                  </a> <!-- test_loginDDT(dwoollandp, dcamlinp@blogtalkradio.com, vN2}Y{p9A_#!o1) -->
                  <span class="method-name">test_loginDDT</span>
                  <span class="parameters">(dwoollandp,dcamlinp@blogtalkradio.com,vN2}Y{p9A_#!o1)</span>
                  <div class="stack-trace">org.openqa.selenium.NoSuchWindowException: no such window: target window already closed
from unknown error: web view not found
  (Session info: chrome=142.0.7444.176)
Build info: version: &apos;4.34.0&apos;, revision: &apos;707dcb4246*&apos;
System info: os.name: &apos;Windows 11&apos;, os.arch: &apos;amd64&apos;, os.version: &apos;10.0&apos;, java.version: &apos;21.0.8&apos;
Driver info: org.openqa.selenium.chrome.ChromeDriver
Command: [3796afbff687a4117dee2e6e41cd7870, get {url=https://boombolt.in/my-account/}]
Capabilities {acceptInsecureCerts: false, browserName: chrome, browserVersion: 142.0.7444.176, chrome: {chromedriverVersion: 142.0.7444.175 (302067f14a4..., userDataDir: C:\Users\Hp\AppData\Local\T...}, fedcm:accounts: true, goog:chromeOptions: {debuggerAddress: localhost:5985}, goog:processID: 15812, networkConnectionEnabled: false, pageLoadStrategy: normal, platformName: windows, proxy: Proxy(), se:cdp: ws://localhost:5985/devtool..., se:cdpVersion: 142.0.7444.176, setWindowRect: true, strictFileInteractability: false, timeouts: {implicit: 0, pageLoad: 300000, script: 30000}, unhandledPromptBehavior: dismiss and notify, webauthn:extension:credBlob: true, webauthn:extension:largeBlob: true, webauthn:extension:minPinLength: true, webauthn:extension:prf: true, webauthn:virtualAuthenticators: true}
Session ID: 3796afbff687a4117dee2e6e41cd7870
	at org.openqa.selenium.remote.ErrorCodec.decode(ErrorCodec.java:167)
	at org.openqa.selenium.remote.codec.w3c.W3CHttpResponseCodec.decode(W3CHttpResponseCodec.java:138)
	at org.openqa.selenium.remote.codec.w3c.W3CHttpResponseCodec.decode(W3CHttpResponseCodec.java:50)
	at org.openqa.selenium.remote.HttpCommandExecutor.execute(HttpCommandExecutor.java:215)
	at org.openqa.selenium.remote.service.DriverCommandExecutor.invokeExecute(DriverCommandExecutor.java:216)
	at org.openqa.selenium.remote.service.DriverCommandExecutor.execute(DriverCommandExecutor.java:174)
	at org.openqa.selenium.remote.RemoteWebDriver.execute(RemoteWebDriver.java:544)
	at org.openqa.selenium.remote.RemoteWebDriver.get(RemoteWebDriver.java:312)
	at org.openqa.selenium.remote.RemoteWebDriver$RemoteNavigation.to(RemoteWebDriver.java:1076)
	at testCases.Test_01_LoginDDT.test_loginDDT(Test_01_LoginDDT.java:35)
	at java.base/java.util.ArrayList.forEach(ArrayList.java:1596)
... Removed 28 stack frames
</div> <!-- stack-trace -->
                </div> <!-- method-content -->
              </div> <!-- method -->
              <div class="method">
                <div class="method-content">
                  <a name="test_loginDDT(dspringfordo, cgironeo@tuttocitta.it, jW3?g#Ql)czc&lt;}&lt;)">
                  </a> <!-- test_loginDDT(dspringfordo, cgironeo@tuttocitta.it, jW3?g#Ql)czc<}<) -->
                  <span class="method-name">test_loginDDT</span>
                  <span class="parameters">(dspringfordo,cgironeo@tuttocitta.it,jW3?g#Ql)czc<}<)</span>
                  <div class="stack-trace">org.openqa.selenium.NoSuchWindowException: no such window: target window already closed
from unknown error: web view not found
  (Session info: chrome=142.0.7444.176)
Build info: version: &apos;4.34.0&apos;, revision: &apos;707dcb4246*&apos;
System info: os.name: &apos;Windows 11&apos;, os.arch: &apos;amd64&apos;, os.version: &apos;10.0&apos;, java.version: &apos;21.0.8&apos;
Driver info: org.openqa.selenium.chrome.ChromeDriver
Command: [3796afbff687a4117dee2e6e41cd7870, get {url=https://boombolt.in/my-account/}]
Capabilities {acceptInsecureCerts: false, browserName: chrome, browserVersion: 142.0.7444.176, chrome: {chromedriverVersion: 142.0.7444.175 (302067f14a4..., userDataDir: C:\Users\Hp\AppData\Local\T...}, fedcm:accounts: true, goog:chromeOptions: {debuggerAddress: localhost:5985}, goog:processID: 15812, networkConnectionEnabled: false, pageLoadStrategy: normal, platformName: windows, proxy: Proxy(), se:cdp: ws://localhost:5985/devtool..., se:cdpVersion: 142.0.7444.176, setWindowRect: true, strictFileInteractability: false, timeouts: {implicit: 0, pageLoad: 300000, script: 30000}, unhandledPromptBehavior: dismiss and notify, webauthn:extension:credBlob: true, webauthn:extension:largeBlob: true, webauthn:extension:minPinLength: true, webauthn:extension:prf: true, webauthn:virtualAuthenticators: true}
Session ID: 3796afbff687a4117dee2e6e41cd7870
	at org.openqa.selenium.remote.ErrorCodec.decode(ErrorCodec.java:167)
	at org.openqa.selenium.remote.codec.w3c.W3CHttpResponseCodec.decode(W3CHttpResponseCodec.java:138)
	at org.openqa.selenium.remote.codec.w3c.W3CHttpResponseCodec.decode(W3CHttpResponseCodec.java:50)
	at org.openqa.selenium.remote.HttpCommandExecutor.execute(HttpCommandExecutor.java:215)
	at org.openqa.selenium.remote.service.DriverCommandExecutor.invokeExecute(DriverCommandExecutor.java:216)
	at org.openqa.selenium.remote.service.DriverCommandExecutor.execute(DriverCommandExecutor.java:174)
	at org.openqa.selenium.remote.RemoteWebDriver.execute(RemoteWebDriver.java:544)
	at org.openqa.selenium.remote.RemoteWebDriver.get(RemoteWebDriver.java:312)
	at org.openqa.selenium.remote.RemoteWebDriver$RemoteNavigation.to(RemoteWebDriver.java:1076)
	at testCases.Test_01_LoginDDT.test_loginDDT(Test_01_LoginDDT.java:35)
	at java.base/java.util.ArrayList.forEach(ArrayList.java:1596)
... Removed 28 stack frames
</div> <!-- stack-trace -->
                </div> <!-- method-content -->
              </div> <!-- method -->
              <div class="method">
                <div class="method-content">
                  <a name="test_loginDDT(mfreeart, gcharmant@timesonline.co.uk, kG5!MPUpJ!y)5D)">
                  </a> <!-- test_loginDDT(mfreeart, gcharmant@timesonline.co.uk, kG5!MPUpJ!y)5D) -->
                  <span class="method-name">test_loginDDT</span>
                  <span class="parameters">(mfreeart,gcharmant@timesonline.co.uk,kG5!MPUpJ!y)5D)</span>
                  <div class="stack-trace">org.openqa.selenium.NoSuchWindowException: no such window: target window already closed
from unknown error: web view not found
  (Session info: chrome=142.0.7444.176)
Build info: version: &apos;4.34.0&apos;, revision: &apos;707dcb4246*&apos;
System info: os.name: &apos;Windows 11&apos;, os.arch: &apos;amd64&apos;, os.version: &apos;10.0&apos;, java.version: &apos;21.0.8&apos;
Driver info: org.openqa.selenium.chrome.ChromeDriver
Command: [3796afbff687a4117dee2e6e41cd7870, get {url=https://boombolt.in/my-account/}]
Capabilities {acceptInsecureCerts: false, browserName: chrome, browserVersion: 142.0.7444.176, chrome: {chromedriverVersion: 142.0.7444.175 (302067f14a4..., userDataDir: C:\Users\Hp\AppData\Local\T...}, fedcm:accounts: true, goog:chromeOptions: {debuggerAddress: localhost:5985}, goog:processID: 15812, networkConnectionEnabled: false, pageLoadStrategy: normal, platformName: windows, proxy: Proxy(), se:cdp: ws://localhost:5985/devtool..., se:cdpVersion: 142.0.7444.176, setWindowRect: true, strictFileInteractability: false, timeouts: {implicit: 0, pageLoad: 300000, script: 30000}, unhandledPromptBehavior: dismiss and notify, webauthn:extension:credBlob: true, webauthn:extension:largeBlob: true, webauthn:extension:minPinLength: true, webauthn:extension:prf: true, webauthn:virtualAuthenticators: true}
Session ID: 3796afbff687a4117dee2e6e41cd7870
	at org.openqa.selenium.remote.ErrorCodec.decode(ErrorCodec.java:167)
	at org.openqa.selenium.remote.codec.w3c.W3CHttpResponseCodec.decode(W3CHttpResponseCodec.java:138)
	at org.openqa.selenium.remote.codec.w3c.W3CHttpResponseCodec.decode(W3CHttpResponseCodec.java:50)
	at org.openqa.selenium.remote.HttpCommandExecutor.execute(HttpCommandExecutor.java:215)
	at org.openqa.selenium.remote.service.DriverCommandExecutor.invokeExecute(DriverCommandExecutor.java:216)
	at org.openqa.selenium.remote.service.DriverCommandExecutor.execute(DriverCommandExecutor.java:174)
	at org.openqa.selenium.remote.RemoteWebDriver.execute(RemoteWebDriver.java:544)
	at org.openqa.selenium.remote.RemoteWebDriver.get(RemoteWebDriver.java:312)
	at org.openqa.selenium.remote.RemoteWebDriver$RemoteNavigation.to(RemoteWebDriver.java:1076)
	at testCases.Test_01_LoginDDT.test_loginDDT(Test_01_LoginDDT.java:35)
	at java.base/java.util.ArrayList.forEach(ArrayList.java:1596)
... Removed 28 stack frames
</div> <!-- stack-trace -->
                </div> <!-- method-content -->
              </div> <!-- method -->
              <div class="method">
                <div class="method-content">
                  <a name="test_loginDDT(rbyfordq, rhamelynq@yahoo.co.jp, kF5*nI(Bcp)">
                  </a> <!-- test_loginDDT(rbyfordq, rhamelynq@yahoo.co.jp, kF5*nI(Bcp) -->
                  <span class="method-name">test_loginDDT</span>
                  <span class="parameters">(rbyfordq,rhamelynq@yahoo.co.jp,kF5*nI(Bcp)</span>
                  <div class="stack-trace">org.openqa.selenium.NoSuchWindowException: no such window: target window already closed
from unknown error: web view not found
  (Session info: chrome=142.0.7444.176)
Build info: version: &apos;4.34.0&apos;, revision: &apos;707dcb4246*&apos;
System info: os.name: &apos;Windows 11&apos;, os.arch: &apos;amd64&apos;, os.version: &apos;10.0&apos;, java.version: &apos;21.0.8&apos;
Driver info: org.openqa.selenium.chrome.ChromeDriver
Command: [3796afbff687a4117dee2e6e41cd7870, get {url=https://boombolt.in/my-account/}]
Capabilities {acceptInsecureCerts: false, browserName: chrome, browserVersion: 142.0.7444.176, chrome: {chromedriverVersion: 142.0.7444.175 (302067f14a4..., userDataDir: C:\Users\Hp\AppData\Local\T...}, fedcm:accounts: true, goog:chromeOptions: {debuggerAddress: localhost:5985}, goog:processID: 15812, networkConnectionEnabled: false, pageLoadStrategy: normal, platformName: windows, proxy: Proxy(), se:cdp: ws://localhost:5985/devtool..., se:cdpVersion: 142.0.7444.176, setWindowRect: true, strictFileInteractability: false, timeouts: {implicit: 0, pageLoad: 300000, script: 30000}, unhandledPromptBehavior: dismiss and notify, webauthn:extension:credBlob: true, webauthn:extension:largeBlob: true, webauthn:extension:minPinLength: true, webauthn:extension:prf: true, webauthn:virtualAuthenticators: true}
Session ID: 3796afbff687a4117dee2e6e41cd7870
	at org.openqa.selenium.remote.ErrorCodec.decode(ErrorCodec.java:167)
	at org.openqa.selenium.remote.codec.w3c.W3CHttpResponseCodec.decode(W3CHttpResponseCodec.java:138)
	at org.openqa.selenium.remote.codec.w3c.W3CHttpResponseCodec.decode(W3CHttpResponseCodec.java:50)
	at org.openqa.selenium.remote.HttpCommandExecutor.execute(HttpCommandExecutor.java:215)
	at org.openqa.selenium.remote.service.DriverCommandExecutor.invokeExecute(DriverCommandExecutor.java:216)
	at org.openqa.selenium.remote.service.DriverCommandExecutor.execute(DriverCommandExecutor.java:174)
	at org.openqa.selenium.remote.RemoteWebDriver.execute(RemoteWebDriver.java:544)
	at org.openqa.selenium.remote.RemoteWebDriver.get(RemoteWebDriver.java:312)
	at org.openqa.selenium.remote.RemoteWebDriver$RemoteNavigation.to(RemoteWebDriver.java:1076)
	at testCases.Test_01_LoginDDT.test_loginDDT(Test_01_LoginDDT.java:35)
	at java.base/java.util.ArrayList.forEach(ArrayList.java:1596)
... Removed 28 stack frames
</div> <!-- stack-trace -->
                </div> <!-- method-content -->
              </div> <!-- method -->
              <div class="method">
                <div class="method-content">
                  <a name="test_loginDDT(aripleyi, tskymi@example.com, pF7&gt;*dV{&#039;~a&amp;3)">
                  </a> <!-- test_loginDDT(aripleyi, tskymi@example.com, pF7>*dV{'~a&3) -->
                  <span class="method-name">test_loginDDT</span>
                  <span class="parameters">(aripleyi,tskymi@example.com,pF7>*dV{'~a&3)</span>
                  <div class="stack-trace">org.openqa.selenium.NoSuchWindowException: no such window: target window already closed
from unknown error: web view not found
  (Session info: chrome=142.0.7444.176)
Build info: version: &apos;4.34.0&apos;, revision: &apos;707dcb4246*&apos;
System info: os.name: &apos;Windows 11&apos;, os.arch: &apos;amd64&apos;, os.version: &apos;10.0&apos;, java.version: &apos;21.0.8&apos;
Driver info: org.openqa.selenium.chrome.ChromeDriver
Command: [3796afbff687a4117dee2e6e41cd7870, get {url=https://boombolt.in/my-account/}]
Capabilities {acceptInsecureCerts: false, browserName: chrome, browserVersion: 142.0.7444.176, chrome: {chromedriverVersion: 142.0.7444.175 (302067f14a4..., userDataDir: C:\Users\Hp\AppData\Local\T...}, fedcm:accounts: true, goog:chromeOptions: {debuggerAddress: localhost:5985}, goog:processID: 15812, networkConnectionEnabled: false, pageLoadStrategy: normal, platformName: windows, proxy: Proxy(), se:cdp: ws://localhost:5985/devtool..., se:cdpVersion: 142.0.7444.176, setWindowRect: true, strictFileInteractability: false, timeouts: {implicit: 0, pageLoad: 300000, script: 30000}, unhandledPromptBehavior: dismiss and notify, webauthn:extension:credBlob: true, webauthn:extension:largeBlob: true, webauthn:extension:minPinLength: true, webauthn:extension:prf: true, webauthn:virtualAuthenticators: true}
Session ID: 3796afbff687a4117dee2e6e41cd7870
	at org.openqa.selenium.remote.ErrorCodec.decode(ErrorCodec.java:167)
	at org.openqa.selenium.remote.codec.w3c.W3CHttpResponseCodec.decode(W3CHttpResponseCodec.java:138)
	at org.openqa.selenium.remote.codec.w3c.W3CHttpResponseCodec.decode(W3CHttpResponseCodec.java:50)
	at org.openqa.selenium.remote.HttpCommandExecutor.execute(HttpCommandExecutor.java:215)
	at org.openqa.selenium.remote.service.DriverCommandExecutor.invokeExecute(DriverCommandExecutor.java:216)
	at org.openqa.selenium.remote.service.DriverCommandExecutor.execute(DriverCommandExecutor.java:174)
	at org.openqa.selenium.remote.RemoteWebDriver.execute(RemoteWebDriver.java:544)
	at org.openqa.selenium.remote.RemoteWebDriver.get(RemoteWebDriver.java:312)
	at org.openqa.selenium.remote.RemoteWebDriver$RemoteNavigation.to(RemoteWebDriver.java:1076)
	at testCases.Test_01_LoginDDT.test_loginDDT(Test_01_LoginDDT.java:35)
	at java.base/java.util.ArrayList.forEach(ArrayList.java:1596)
... Removed 28 stack frames
</div> <!-- stack-trace -->
                </div> <!-- method-content -->
              </div> <!-- method -->
              <div class="method">
                <div class="method-content">
                  <a name="test_loginDDT(egreensetn, seuln@infoseek.co.jp, eJ3~qyQ&amp;!S(n)">
                  </a> <!-- test_loginDDT(egreensetn, seuln@infoseek.co.jp, eJ3~qyQ&!S(n) -->
                  <span class="method-name">test_loginDDT</span>
                  <span class="parameters">(egreensetn,seuln@infoseek.co.jp,eJ3~qyQ&!S(n)</span>
                  <div class="stack-trace">org.openqa.selenium.NoSuchWindowException: no such window: target window already closed
from unknown error: web view not found
  (Session info: chrome=142.0.7444.176)
Build info: version: &apos;4.34.0&apos;, revision: &apos;707dcb4246*&apos;
System info: os.name: &apos;Windows 11&apos;, os.arch: &apos;amd64&apos;, os.version: &apos;10.0&apos;, java.version: &apos;21.0.8&apos;
Driver info: org.openqa.selenium.chrome.ChromeDriver
Command: [3796afbff687a4117dee2e6e41cd7870, get {url=https://boombolt.in/my-account/}]
Capabilities {acceptInsecureCerts: false, browserName: chrome, browserVersion: 142.0.7444.176, chrome: {chromedriverVersion: 142.0.7444.175 (302067f14a4..., userDataDir: C:\Users\Hp\AppData\Local\T...}, fedcm:accounts: true, goog:chromeOptions: {debuggerAddress: localhost:5985}, goog:processID: 15812, networkConnectionEnabled: false, pageLoadStrategy: normal, platformName: windows, proxy: Proxy(), se:cdp: ws://localhost:5985/devtool..., se:cdpVersion: 142.0.7444.176, setWindowRect: true, strictFileInteractability: false, timeouts: {implicit: 0, pageLoad: 300000, script: 30000}, unhandledPromptBehavior: dismiss and notify, webauthn:extension:credBlob: true, webauthn:extension:largeBlob: true, webauthn:extension:minPinLength: true, webauthn:extension:prf: true, webauthn:virtualAuthenticators: true}
Session ID: 3796afbff687a4117dee2e6e41cd7870
	at org.openqa.selenium.remote.ErrorCodec.decode(ErrorCodec.java:167)
	at org.openqa.selenium.remote.codec.w3c.W3CHttpResponseCodec.decode(W3CHttpResponseCodec.java:138)
	at org.openqa.selenium.remote.codec.w3c.W3CHttpResponseCodec.decode(W3CHttpResponseCodec.java:50)
	at org.openqa.selenium.remote.HttpCommandExecutor.execute(HttpCommandExecutor.java:215)
	at org.openqa.selenium.remote.service.DriverCommandExecutor.invokeExecute(DriverCommandExecutor.java:216)
	at org.openqa.selenium.remote.service.DriverCommandExecutor.execute(DriverCommandExecutor.java:174)
	at org.openqa.selenium.remote.RemoteWebDriver.execute(RemoteWebDriver.java:544)
	at org.openqa.selenium.remote.RemoteWebDriver.get(RemoteWebDriver.java:312)
	at org.openqa.selenium.remote.RemoteWebDriver$RemoteNavigation.to(RemoteWebDriver.java:1076)
	at testCases.Test_01_LoginDDT.test_loginDDT(Test_01_LoginDDT.java:35)
	at java.base/java.util.ArrayList.forEach(ArrayList.java:1596)
... Removed 28 stack frames
</div> <!-- stack-trace -->
                </div> <!-- method-content -->
              </div> <!-- method -->
              <div class="method">
                <div class="method-content">
                  <a name="test_loginDDT(wguisoj, chenkerj@tumblr.com, cY0@iF%Ug)u)">
                  </a> <!-- test_loginDDT(wguisoj, chenkerj@tumblr.com, cY0@iF%Ug)u) -->
                  <span class="method-name">test_loginDDT</span>
                  <span class="parameters">(wguisoj,chenkerj@tumblr.com,cY0@iF%Ug)u)</span>
                  <div class="stack-trace">org.openqa.selenium.NoSuchWindowException: no such window: target window already closed
from unknown error: web view not found
  (Session info: chrome=142.0.7444.176)
Build info: version: &apos;4.34.0&apos;, revision: &apos;707dcb4246*&apos;
System info: os.name: &apos;Windows 11&apos;, os.arch: &apos;amd64&apos;, os.version: &apos;10.0&apos;, java.version: &apos;21.0.8&apos;
Driver info: org.openqa.selenium.chrome.ChromeDriver
Command: [3796afbff687a4117dee2e6e41cd7870, get {url=https://boombolt.in/my-account/}]
Capabilities {acceptInsecureCerts: false, browserName: chrome, browserVersion: 142.0.7444.176, chrome: {chromedriverVersion: 142.0.7444.175 (302067f14a4..., userDataDir: C:\Users\Hp\AppData\Local\T...}, fedcm:accounts: true, goog:chromeOptions: {debuggerAddress: localhost:5985}, goog:processID: 15812, networkConnectionEnabled: false, pageLoadStrategy: normal, platformName: windows, proxy: Proxy(), se:cdp: ws://localhost:5985/devtool..., se:cdpVersion: 142.0.7444.176, setWindowRect: true, strictFileInteractability: false, timeouts: {implicit: 0, pageLoad: 300000, script: 30000}, unhandledPromptBehavior: dismiss and notify, webauthn:extension:credBlob: true, webauthn:extension:largeBlob: true, webauthn:extension:minPinLength: true, webauthn:extension:prf: true, webauthn:virtualAuthenticators: true}
Session ID: 3796afbff687a4117dee2e6e41cd7870
	at org.openqa.selenium.remote.ErrorCodec.decode(ErrorCodec.java:167)
	at org.openqa.selenium.remote.codec.w3c.W3CHttpResponseCodec.decode(W3CHttpResponseCodec.java:138)
	at org.openqa.selenium.remote.codec.w3c.W3CHttpResponseCodec.decode(W3CHttpResponseCodec.java:50)
	at org.openqa.selenium.remote.HttpCommandExecutor.execute(HttpCommandExecutor.java:215)
	at org.openqa.selenium.remote.service.DriverCommandExecutor.invokeExecute(DriverCommandExecutor.java:216)
	at org.openqa.selenium.remote.service.DriverCommandExecutor.execute(DriverCommandExecutor.java:174)
	at org.openqa.selenium.remote.RemoteWebDriver.execute(RemoteWebDriver.java:544)
	at org.openqa.selenium.remote.RemoteWebDriver.get(RemoteWebDriver.java:312)
	at org.openqa.selenium.remote.RemoteWebDriver$RemoteNavigation.to(RemoteWebDriver.java:1076)
	at testCases.Test_01_LoginDDT.test_loginDDT(Test_01_LoginDDT.java:35)
	at java.base/java.util.ArrayList.forEach(ArrayList.java:1596)
... Removed 28 stack frames
</div> <!-- stack-trace -->
                </div> <!-- method-content -->
              </div> <!-- method -->
              <div class="method">
                <div class="method-content">
                  <a name="test_loginDDT(rlemerleg, sbettisg@sohu.com, yU5_0U~yY)">
                  </a> <!-- test_loginDDT(rlemerleg, sbettisg@sohu.com, yU5_0U~yY) -->
                  <span class="method-name">test_loginDDT</span>
                  <span class="parameters">(rlemerleg,sbettisg@sohu.com,yU5_0U~yY)</span>
                  <div class="stack-trace">org.openqa.selenium.NoSuchWindowException: no such window: target window already closed
from unknown error: web view not found
  (Session info: chrome=142.0.7444.176)
Build info: version: &apos;4.34.0&apos;, revision: &apos;707dcb4246*&apos;
System info: os.name: &apos;Windows 11&apos;, os.arch: &apos;amd64&apos;, os.version: &apos;10.0&apos;, java.version: &apos;21.0.8&apos;
Driver info: org.openqa.selenium.chrome.ChromeDriver
Command: [3796afbff687a4117dee2e6e41cd7870, get {url=https://boombolt.in/my-account/}]
Capabilities {acceptInsecureCerts: false, browserName: chrome, browserVersion: 142.0.7444.176, chrome: {chromedriverVersion: 142.0.7444.175 (302067f14a4..., userDataDir: C:\Users\Hp\AppData\Local\T...}, fedcm:accounts: true, goog:chromeOptions: {debuggerAddress: localhost:5985}, goog:processID: 15812, networkConnectionEnabled: false, pageLoadStrategy: normal, platformName: windows, proxy: Proxy(), se:cdp: ws://localhost:5985/devtool..., se:cdpVersion: 142.0.7444.176, setWindowRect: true, strictFileInteractability: false, timeouts: {implicit: 0, pageLoad: 300000, script: 30000}, unhandledPromptBehavior: dismiss and notify, webauthn:extension:credBlob: true, webauthn:extension:largeBlob: true, webauthn:extension:minPinLength: true, webauthn:extension:prf: true, webauthn:virtualAuthenticators: true}
Session ID: 3796afbff687a4117dee2e6e41cd7870
	at org.openqa.selenium.remote.ErrorCodec.decode(ErrorCodec.java:167)
	at org.openqa.selenium.remote.codec.w3c.W3CHttpResponseCodec.decode(W3CHttpResponseCodec.java:138)
	at org.openqa.selenium.remote.codec.w3c.W3CHttpResponseCodec.decode(W3CHttpResponseCodec.java:50)
	at org.openqa.selenium.remote.HttpCommandExecutor.execute(HttpCommandExecutor.java:215)
	at org.openqa.selenium.remote.service.DriverCommandExecutor.invokeExecute(DriverCommandExecutor.java:216)
	at org.openqa.selenium.remote.service.DriverCommandExecutor.execute(DriverCommandExecutor.java:174)
	at org.openqa.selenium.remote.RemoteWebDriver.execute(RemoteWebDriver.java:544)
	at org.openqa.selenium.remote.RemoteWebDriver.get(RemoteWebDriver.java:312)
	at org.openqa.selenium.remote.RemoteWebDriver$RemoteNavigation.to(RemoteWebDriver.java:1076)
	at testCases.Test_01_LoginDDT.test_loginDDT(Test_01_LoginDDT.java:35)
	at java.base/java.util.ArrayList.forEach(ArrayList.java:1596)
... Removed 28 stack frames
</div> <!-- stack-trace -->
                </div> <!-- method-content -->
              </div> <!-- method -->
              <div class="method">
                <div class="method-content">
                  <a name="test_loginDDT(gblowingr, cabramzonr@netscape.com, wK3*P&lt;U7_n&quot;hji0k)">
                  </a> <!-- test_loginDDT(gblowingr, cabramzonr@netscape.com, wK3*P<U7_n"hji0k) -->
                  <span class="method-name">test_loginDDT</span>
                  <span class="parameters">(gblowingr,cabramzonr@netscape.com,wK3*P<U7_n"hji0k)</span>
                  <div class="stack-trace">org.openqa.selenium.NoSuchWindowException: no such window: target window already closed
from unknown error: web view not found
  (Session info: chrome=142.0.7444.176)
Build info: version: &apos;4.34.0&apos;, revision: &apos;707dcb4246*&apos;
System info: os.name: &apos;Windows 11&apos;, os.arch: &apos;amd64&apos;, os.version: &apos;10.0&apos;, java.version: &apos;21.0.8&apos;
Driver info: org.openqa.selenium.chrome.ChromeDriver
Command: [3796afbff687a4117dee2e6e41cd7870, get {url=https://boombolt.in/my-account/}]
Capabilities {acceptInsecureCerts: false, browserName: chrome, browserVersion: 142.0.7444.176, chrome: {chromedriverVersion: 142.0.7444.175 (302067f14a4..., userDataDir: C:\Users\Hp\AppData\Local\T...}, fedcm:accounts: true, goog:chromeOptions: {debuggerAddress: localhost:5985}, goog:processID: 15812, networkConnectionEnabled: false, pageLoadStrategy: normal, platformName: windows, proxy: Proxy(), se:cdp: ws://localhost:5985/devtool..., se:cdpVersion: 142.0.7444.176, setWindowRect: true, strictFileInteractability: false, timeouts: {implicit: 0, pageLoad: 300000, script: 30000}, unhandledPromptBehavior: dismiss and notify, webauthn:extension:credBlob: true, webauthn:extension:largeBlob: true, webauthn:extension:minPinLength: true, webauthn:extension:prf: true, webauthn:virtualAuthenticators: true}
Session ID: 3796afbff687a4117dee2e6e41cd7870
	at org.openqa.selenium.remote.ErrorCodec.decode(ErrorCodec.java:167)
	at org.openqa.selenium.remote.codec.w3c.W3CHttpResponseCodec.decode(W3CHttpResponseCodec.java:138)
	at org.openqa.selenium.remote.codec.w3c.W3CHttpResponseCodec.decode(W3CHttpResponseCodec.java:50)
	at org.openqa.selenium.remote.HttpCommandExecutor.execute(HttpCommandExecutor.java:215)
	at org.openqa.selenium.remote.service.DriverCommandExecutor.invokeExecute(DriverCommandExecutor.java:216)
	at org.openqa.selenium.remote.service.DriverCommandExecutor.execute(DriverCommandExecutor.java:174)
	at org.openqa.selenium.remote.RemoteWebDriver.execute(RemoteWebDriver.java:544)
	at org.openqa.selenium.remote.RemoteWebDriver.get(RemoteWebDriver.java:312)
	at org.openqa.selenium.remote.RemoteWebDriver$RemoteNavigation.to(RemoteWebDriver.java:1076)
	at testCases.Test_01_LoginDDT.test_loginDDT(Test_01_LoginDDT.java:35)
	at java.base/java.util.ArrayList.forEach(ArrayList.java:1596)
... Removed 28 stack frames
</div> <!-- stack-trace -->
                </div> <!-- method-content -->
              </div> <!-- method -->
            </div> <!-- main-panel-content rounded-window-bottom -->
          </div> <!-- suite-Suite-class-failed -->
          <div class="suite-Suite-class-passed">
            <div class="main-panel-header rounded-window-top">
              <img src="passed.png"/>
              <span class="class-name">testCases.Test_01_LoginDDT</span>
            </div> <!-- main-panel-header rounded-window-top -->
            <div class="main-panel-content rounded-window-bottom">
              <div class="method">
                <div class="method-content">
                  <a name="test_loginDDT(bruxton8, jbaffin8@mozilla.org, xJ5&amp;iZs#x2o)">
                  </a> <!-- test_loginDDT(bruxton8, jbaffin8@mozilla.org, xJ5&iZs#x2o) -->
                  <span class="method-name">test_loginDDT</span>
                  <span class="parameters">(bruxton8,jbaffin8@mozilla.org,xJ5&iZs#x2o)</span>
                </div> <!-- method-content -->
              </div> <!-- method -->
              <div class="method">
                <div class="method-content">
                  <a name="test_loginDDT(hbroxtonb, caleavyb@lulu.com, fD6}+B*)&lt;@R!L+r)">
                  </a> <!-- test_loginDDT(hbroxtonb, caleavyb@lulu.com, fD6}+B*)<@R!L+r) -->
                  <span class="method-name">test_loginDDT</span>
                  <span class="parameters">(hbroxtonb,caleavyb@lulu.com,fD6}+B*)<@R!L+r)</span>
                </div> <!-- method-content -->
              </div> <!-- method -->
              <div class="method">
                <div class="method-content">
                  <a name="test_loginDDT(sbramley3, mcroxley3@jugem.jp, kP5!)&lt;8JPGT})">
                  </a> <!-- test_loginDDT(sbramley3, mcroxley3@jugem.jp, kP5!)<8JPGT}) -->
                  <span class="method-name">test_loginDDT</span>
                  <span class="parameters">(sbramley3,mcroxley3@jugem.jp,kP5!)<8JPGT})</span>
                </div> <!-- method-content -->
              </div> <!-- method -->
              <div class="method">
                <div class="method-content">
                  <a name="test_loginDDT(iriccioppo5, wgifford5@marketwatch.com, gH7&amp;k2c!{2d}C{&lt;)">
                  </a> <!-- test_loginDDT(iriccioppo5, wgifford5@marketwatch.com, gH7&k2c!{2d}C{<) -->
                  <span class="method-name">test_loginDDT</span>
                  <span class="parameters">(iriccioppo5,wgifford5@marketwatch.com,gH7&k2c!{2d}C{<)</span>
                </div> <!-- method-content -->
              </div> <!-- method -->
              <div class="method">
                <div class="method-content">
                  <a name="test_loginDDT(rghelerdini7, sgravy7@about.me, lR2(B5=9&gt;v?vK)">
                  </a> <!-- test_loginDDT(rghelerdini7, sgravy7@about.me, lR2(B5=9>v?vK) -->
                  <span class="method-name">test_loginDDT</span>
                  <span class="parameters">(rghelerdini7,sgravy7@about.me,lR2(B5=9>v?vK)</span>
                </div> <!-- method-content -->
              </div> <!-- method -->
              <div class="method">
                <div class="method-content">
                  <a name="test_loginDDT(epeskett0, kmckeney0@thetimes.co.uk, lM3(d&quot;|iB!,e*/2)">
                  </a> <!-- test_loginDDT(epeskett0, kmckeney0@thetimes.co.uk, lM3(d"|iB!,e*/2) -->
                  <span class="method-name">test_loginDDT</span>
                  <span class="parameters">(epeskett0,kmckeney0@thetimes.co.uk,lM3(d"|iB!,e*/2)</span>
                </div> <!-- method-content -->
              </div> <!-- method -->
              <div class="method">
                <div class="method-content">
                  <a name="test_loginDDT(pjoriota, etomczynskia@amazon.com, pM8)wM#\HU)2v)">
                  </a> <!-- test_loginDDT(pjoriota, etomczynskia@amazon.com, pM8)wM#\HU)2v) -->
                  <span class="method-name">test_loginDDT</span>
                  <span class="parameters">(pjoriota,etomczynskia@amazon.com,pM8)wM#\HU)2v)</span>
                </div> <!-- method-content -->
              </div> <!-- method -->
              <div class="method">
                <div class="method-content">
                  <a name="test_loginDDT(rcaldaro4, cfarloe4@tumblr.com, bW6.!UKIv&quot;P6=MR)">
                  </a> <!-- test_loginDDT(rcaldaro4, cfarloe4@tumblr.com, bW6.!UKIv"P6=MR) -->
                  <span class="method-name">test_loginDDT</span>
                  <span class="parameters">(rcaldaro4,cfarloe4@tumblr.com,bW6.!UKIv"P6=MR)</span>
                </div> <!-- method-content -->
              </div> <!-- method -->
              <div class="method">
                <div class="method-content">
                  <a name="test_loginDDT(gwillerstoned, cmancerd@livejournal.com, sC7.*D&#039;cFnL&#039;w!))">
                  </a> <!-- test_loginDDT(gwillerstoned, cmancerd@livejournal.com, sC7.*D'cFnL'w!)) -->
                  <span class="method-name">test_loginDDT</span>
                  <span class="parameters">(gwillerstoned,cmancerd@livejournal.com,sC7.*D'cFnL'w!))</span>
                </div> <!-- method-content -->
              </div> <!-- method -->
              <div class="method">
                <div class="method-content">
                  <a name="test_loginDDT(epaddief, tjillittf@prweb.com, zS5@/b&lt;v=)">
                  </a> <!-- test_loginDDT(epaddief, tjillittf@prweb.com, zS5@/b<v=) -->
                  <span class="method-name">test_loginDDT</span>
                  <span class="parameters">(epaddief,tjillittf@prweb.com,zS5@/b<v=)</span>
                </div> <!-- method-content -->
              </div> <!-- method -->
              <div class="method">
                <div class="method-content">
                  <a name="test_loginDDT(tcasetti1, ccousin1@yellowpages.com, xP1&quot;42*n!FS)">
                  </a> <!-- test_loginDDT(tcasetti1, ccousin1@yellowpages.com, xP1"42*n!FS) -->
                  <span class="method-name">test_loginDDT</span>
                  <span class="parameters">(tcasetti1,ccousin1@yellowpages.com,xP1"42*n!FS)</span>
                </div> <!-- method-content -->
              </div> <!-- method -->
              <div class="method">
                <div class="method-content">
                  <a name="test_loginDDT(wdressell2, dmarron2@nytimes.com, nU5{,B&quot;&amp;+y)">
                  </a> <!-- test_loginDDT(wdressell2, dmarron2@nytimes.com, nU5{,B"&+y) -->
                  <span class="method-name">test_loginDDT</span>
                  <span class="parameters">(wdressell2,dmarron2@nytimes.com,nU5{,B"&+y)</span>
                </div> <!-- method-content -->
              </div> <!-- method -->
              <div class="method">
                <div class="method-content">
                  <a name="test_loginDDT(tarlottc, aitzcovichc@phoca.cz, eJ7)Ui1hU!/.)">
                  </a> <!-- test_loginDDT(tarlottc, aitzcovichc@phoca.cz, eJ7)Ui1hU!/.) -->
                  <span class="method-name">test_loginDDT</span>
                  <span class="parameters">(tarlottc,aitzcovichc@phoca.cz,eJ7)Ui1hU!/.)</span>
                </div> <!-- method-content -->
              </div> <!-- method -->
              <div class="method">
                <div class="method-content">
                  <a name="test_loginDDT(amacalpinee, smclenaghane@toplist.cz, lZ2+g,ElD&quot;)">
                  </a> <!-- test_loginDDT(amacalpinee, smclenaghane@toplist.cz, lZ2+g,ElD") -->
                  <span class="method-name">test_loginDDT</span>
                  <span class="parameters">(amacalpinee,smclenaghane@toplist.cz,lZ2+g,ElD")</span>
                </div> <!-- method-content -->
              </div> <!-- method -->
              <div class="method">
                <div class="method-content">
                  <a name="test_loginDDT(dvel6, dflegg6@wordpress.com, zR5~5}W)*34dLP})">
                  </a> <!-- test_loginDDT(dvel6, dflegg6@wordpress.com, zR5~5}W)*34dLP}) -->
                  <span class="method-name">test_loginDDT</span>
                  <span class="parameters">(dvel6,dflegg6@wordpress.com,zR5~5}W)*34dLP})</span>
                </div> <!-- method-content -->
              </div> <!-- method -->
              <div class="method">
                <div class="method-content">
                  <a name="test_loginDDT(mtie9, rpenas9@redcross.org, iT0&quot;aqzeppJH+*J)">
                  </a> <!-- test_loginDDT(mtie9, rpenas9@redcross.org, iT0"aqzeppJH+*J) -->
                  <span class="method-name">test_loginDDT</span>
                  <span class="parameters">(mtie9,rpenas9@redcross.org,iT0"aqzeppJH+*J)</span>
                </div> <!-- method-content -->
              </div> <!-- method -->
            </div> <!-- main-panel-content rounded-window-bottom -->
          </div> <!-- suite-Suite-class-passed -->
        </div> <!-- panel Suite -->
        <div panel-name="test-xml-Suite" class="panel">
          <div class="main-panel-header rounded-window-top">
            <span class="header-content">C:\Users\Hp\BoomBolt_Automation\BoomBolt_Automation_Project\masterTestng.xml</span>
          </div> <!-- main-panel-header rounded-window-top -->
          <div class="main-panel-content rounded-window-bottom">
            <pre>
&lt;?xml version=&quot;1.0&quot; encoding=&quot;UTF-8&quot;?&gt;
&lt;!DOCTYPE suite SYSTEM &quot;https://testng.org/testng-1.0.dtd&quot;&gt;
&lt;suite name=&quot;Suite&quot; guice-stage=&quot;DEVELOPMENT&quot;&gt;
  &lt;parameter name=&quot;os&quot; value=&quot;windows&quot;/&gt;
  &lt;parameter name=&quot;browser&quot; value=&quot;chrome&quot;/&gt;
  &lt;test thread-count=&quot;5&quot; name=&quot;Test&quot;&gt;
    &lt;classes&gt;
      &lt;class name=&quot;testCases.Test_01_LoginDDT&quot;/&gt;
    &lt;/classes&gt;
  &lt;/test&gt; &lt;!-- Test --&gt;
&lt;/suite&gt; &lt;!-- Suite --&gt;
            </pre>
          </div> <!-- main-panel-content rounded-window-bottom -->
        </div> <!-- panel -->
        <div panel-name="testlist-Suite" class="panel">
          <div class="main-panel-header rounded-window-top">
            <span class="header-content">Tests for Suite</span>
          </div> <!-- main-panel-header rounded-window-top -->
          <div class="main-panel-content rounded-window-bottom">
            <ul>
              <li>
                <span class="test-name">Test (1 class)</span>
              </li>
            </ul>
          </div> <!-- main-panel-content rounded-window-bottom -->
        </div> <!-- panel -->
        <div panel-name="group-Suite" class="panel">
          <div class="main-panel-header rounded-window-top">
            <span class="header-content">Groups for Suite</span>
          </div> <!-- main-panel-header rounded-window-top -->
          <div class="main-panel-content rounded-window-bottom">
          </div> <!-- main-panel-content rounded-window-bottom -->
        </div> <!-- panel -->
        <div panel-name="times-Suite" class="panel">
          <div class="main-panel-header rounded-window-top">
            <span class="header-content">Times for Suite</span>
          </div> <!-- main-panel-header rounded-window-top -->
          <div class="main-panel-content rounded-window-bottom">
            <div class="times-div">
              <script type="text/javascript">
suiteTableInitFunctions.push('tableData_Suite');
function tableData_Suite() {
var data = new google.visualization.DataTable();
data.addColumn('number', 'Number');
data.addColumn('string', 'Method');
data.addColumn('string', 'Class');
data.addColumn('number', 'Time (ms)');
data.addRows(30);
data.setCell(0, 0, 0)
data.setCell(0, 1, 'test_loginDDT')
data.setCell(0, 2, 'testCases.Test_01_LoginDDT')
data.setCell(0, 3, 6976);
data.setCell(1, 0, 1)
data.setCell(1, 1, 'test_loginDDT')
data.setCell(1, 2, 'testCases.Test_01_LoginDDT')
data.setCell(1, 3, 5394);
data.setCell(2, 0, 2)
data.setCell(2, 1, 'test_loginDDT')
data.setCell(2, 2, 'testCases.Test_01_LoginDDT')
data.setCell(2, 3, 5134);
data.setCell(3, 0, 3)
data.setCell(3, 1, 'test_loginDDT')
data.setCell(3, 2, 'testCases.Test_01_LoginDDT')
data.setCell(3, 3, 5057);
data.setCell(4, 0, 4)
data.setCell(4, 1, 'test_loginDDT')
data.setCell(4, 2, 'testCases.Test_01_LoginDDT')
data.setCell(4, 3, 4819);
data.setCell(5, 0, 5)
data.setCell(5, 1, 'test_loginDDT')
data.setCell(5, 2, 'testCases.Test_01_LoginDDT')
data.setCell(5, 3, 4813);
data.setCell(6, 0, 6)
data.setCell(6, 1, 'test_loginDDT')
data.setCell(6, 2, 'testCases.Test_01_LoginDDT')
data.setCell(6, 3, 4783);
data.setCell(7, 0, 7)
data.setCell(7, 1, 'test_loginDDT')
data.setCell(7, 2, 'testCases.Test_01_LoginDDT')
data.setCell(7, 3, 4762);
data.setCell(8, 0, 8)
data.setCell(8, 1, 'test_loginDDT')
data.setCell(8, 2, 'testCases.Test_01_LoginDDT')
data.setCell(8, 3, 4751);
data.setCell(9, 0, 9)
data.setCell(9, 1, 'test_loginDDT')
data.setCell(9, 2, 'testCases.Test_01_LoginDDT')
data.setCell(9, 3, 4706);
data.setCell(10, 0, 10)
data.setCell(10, 1, 'test_loginDDT')
data.setCell(10, 2, 'testCases.Test_01_LoginDDT')
data.setCell(10, 3, 4555);
data.setCell(11, 0, 11)
data.setCell(11, 1, 'test_loginDDT')
data.setCell(11, 2, 'testCases.Test_01_LoginDDT')
data.setCell(11, 3, 4549);
data.setCell(12, 0, 12)
data.setCell(12, 1, 'test_loginDDT')
data.setCell(12, 2, 'testCases.Test_01_LoginDDT')
data.setCell(12, 3, 4504);
data.setCell(13, 0, 13)
data.setCell(13, 1, 'test_loginDDT')
data.setCell(13, 2, 'testCases.Test_01_LoginDDT')
data.setCell(13, 3, 4403);
data.setCell(14, 0, 14)
data.setCell(14, 1, 'test_loginDDT')
data.setCell(14, 2, 'testCases.Test_01_LoginDDT')
data.setCell(14, 3, 4139);
data.setCell(15, 0, 15)
data.setCell(15, 1, 'test_loginDDT')
data.setCell(15, 2, 'testCases.Test_01_LoginDDT')
data.setCell(15, 3, 3748);
data.setCell(16, 0, 16)
data.setCell(16, 1, 'test_loginDDT')
data.setCell(16, 2, 'testCases.Test_01_LoginDDT')
data.setCell(16, 3, 81);
data.setCell(17, 0, 17)
data.setCell(17, 1, 'test_loginDDT')
data.setCell(17, 2, 'testCases.Test_01_LoginDDT')
data.setCell(17, 3, 68);
data.setCell(18, 0, 18)
data.setCell(18, 1, 'test_loginDDT')
data.setCell(18, 2, 'testCases.Test_01_LoginDDT')
data.setCell(18, 3, 50);
data.setCell(19, 0, 19)
data.setCell(19, 1, 'test_loginDDT')
data.setCell(19, 2, 'testCases.Test_01_LoginDDT')
data.setCell(19, 3, 39);
data.setCell(20, 0, 20)
data.setCell(20, 1, 'test_loginDDT')
data.setCell(20, 2, 'testCases.Test_01_LoginDDT')
data.setCell(20, 3, 36);
data.setCell(21, 0, 21)
data.setCell(21, 1, 'test_loginDDT')
data.setCell(21, 2, 'testCases.Test_01_LoginDDT')
data.setCell(21, 3, 30);
data.setCell(22, 0, 22)
data.setCell(22, 1, 'test_loginDDT')
data.setCell(22, 2, 'testCases.Test_01_LoginDDT')
data.setCell(22, 3, 21);
data.setCell(23, 0, 23)
data.setCell(23, 1, 'test_loginDDT')
data.setCell(23, 2, 'testCases.Test_01_LoginDDT')
data.setCell(23, 3, 19);
data.setCell(24, 0, 24)
data.setCell(24, 1, 'test_loginDDT')
data.setCell(24, 2, 'testCases.Test_01_LoginDDT')
data.setCell(24, 3, 16);
data.setCell(25, 0, 25)
data.setCell(25, 1, 'test_loginDDT')
data.setCell(25, 2, 'testCases.Test_01_LoginDDT')
data.setCell(25, 3, 16);
data.setCell(26, 0, 26)
data.setCell(26, 1, 'test_loginDDT')
data.setCell(26, 2, 'testCases.Test_01_LoginDDT')
data.setCell(26, 3, 16);
data.setCell(27, 0, 27)
data.setCell(27, 1, 'test_loginDDT')
data.setCell(27, 2, 'testCases.Test_01_LoginDDT')
data.setCell(27, 3, 14);
data.setCell(28, 0, 28)
data.setCell(28, 1, 'test_loginDDT')
data.setCell(28, 2, 'testCases.Test_01_LoginDDT')
data.setCell(28, 3, 12);
data.setCell(29, 0, 29)
data.setCell(29, 1, 'test_loginDDT')
data.setCell(29, 2, 'testCases.Test_01_LoginDDT')
data.setCell(29, 3, 12);
window.suiteTableData['Suite']= { tableData: data, tableDiv: 'times-div-Suite'}
return data;
}
              </script>
              <span class="suite-total-time">Total running time: 1 minutes</span>
              <div id="times-div-Suite">
              </div> <!-- times-div-Suite -->
            </div> <!-- times-div -->
          </div> <!-- main-panel-content rounded-window-bottom -->
        </div> <!-- panel -->
        <div panel-name="reporter-Suite" class="panel">
          <div class="main-panel-header rounded-window-top">
            <span class="header-content">Reporter output for Suite</span>
          </div> <!-- main-panel-header rounded-window-top -->
          <div class="main-panel-content rounded-window-bottom">
          </div> <!-- main-panel-content rounded-window-bottom -->
        </div> <!-- panel -->
        <div panel-name="ignored-methods-Suite" class="panel">
          <div class="main-panel-header rounded-window-top">
            <span class="header-content">0 ignored methods</span>
          </div> <!-- main-panel-header rounded-window-top -->
          <div class="main-panel-content rounded-window-bottom">
          </div> <!-- main-panel-content rounded-window-bottom -->
        </div> <!-- panel -->
        <div panel-name="chronological-Suite" class="panel">
          <div class="main-panel-header rounded-window-top">
            <span class="header-content">Methods in chronological order</span>
          </div> <!-- main-panel-header rounded-window-top -->
          <div class="main-panel-content rounded-window-bottom">
            <div class="chronological-class">
              <div class="chronological-class-name">testCases.Test_01_LoginDDT</div> <!-- chronological-class-name -->
              <div class="configuration-class before">
                <span class="method-name">setup(windows, chrome)</span>
                <span class="method-start">0 ms</span>
              </div> <!-- configuration-class before -->
              <div class="test-method">
                <span class="method-name">test_loginDDT(epeskett0, kmckeney0@thetimes.co.uk, lM3(d"|iB!,e*/2)</span>
                <span class="method-start">15262 ms</span>
              </div> <!-- test-method -->
              <div class="test-method">
                <span class="method-name">test_loginDDT(tcasetti1, ccousin1@yellowpages.com, xP1"42*n!FS)</span>
                <span class="method-start">22243 ms</span>
              </div> <!-- test-method -->
              <div class="test-method">
                <span class="method-name">test_loginDDT(wdressell2, dmarron2@nytimes.com, nU5{,B"&+y)</span>
                <span class="method-start">27059 ms</span>
              </div> <!-- test-method -->
              <div class="test-method">
                <span class="method-name">test_loginDDT(sbramley3, mcroxley3@jugem.jp, kP5!)<8JPGT})</span>
                <span class="method-start">32455 ms</span>
              </div> <!-- test-method -->
              <div class="test-method">
                <span class="method-name">test_loginDDT(rcaldaro4, cfarloe4@tumblr.com, bW6.!UKIv"P6=MR)</span>
                <span class="method-start">37283 ms</span>
              </div> <!-- test-method -->
              <div class="test-method">
                <span class="method-name">test_loginDDT(iriccioppo5, wgifford5@marketwatch.com, gH7&k2c!{2d}C{<)</span>
                <span class="method-start">41992 ms</span>
              </div> <!-- test-method -->
              <div class="test-method">
                <span class="method-name">test_loginDDT(dvel6, dflegg6@wordpress.com, zR5~5}W)*34dLP})</span>
                <span class="method-start">47128 ms</span>
              </div> <!-- test-method -->
              <div class="test-method">
                <span class="method-name">test_loginDDT(rghelerdini7, sgravy7@about.me, lR2(B5=9>v?vK)</span>
                <span class="method-start">51680 ms</span>
              </div> <!-- test-method -->
              <div class="test-method">
                <span class="method-name">test_loginDDT(bruxton8, jbaffin8@mozilla.org, xJ5&iZs#x2o)</span>
                <span class="method-start">56443 ms</span>
              </div> <!-- test-method -->
              <div class="test-method">
                <span class="method-name">test_loginDDT(mtie9, rpenas9@redcross.org, iT0"aqzeppJH+*J)</span>
                <span class="method-start">60948 ms</span>
              </div> <!-- test-method -->
              <div class="test-method">
                <span class="method-name">test_loginDDT(pjoriota, etomczynskia@amazon.com, pM8)wM#\HU)2v)</span>
                <span class="method-start">65352 ms</span>
              </div> <!-- test-method -->
              <div class="test-method">
                <span class="method-name">test_loginDDT(hbroxtonb, caleavyb@lulu.com, fD6}+B*)<@R!L+r)</span>
                <span class="method-start">70411 ms</span>
              </div> <!-- test-method -->
              <div class="test-method">
                <span class="method-name">test_loginDDT(tarlottc, aitzcovichc@phoca.cz, eJ7)Ui1hU!/.)</span>
                <span class="method-start">74551 ms</span>
              </div> <!-- test-method -->
              <div class="test-method">
                <span class="method-name">test_loginDDT(gwillerstoned, cmancerd@livejournal.com, sC7.*D'cFnL'w!))</span>
                <span class="method-start">79335 ms</span>
              </div> <!-- test-method -->
              <div class="test-method">
                <span class="method-name">test_loginDDT(amacalpinee, smclenaghane@toplist.cz, lZ2+g,ElD")</span>
                <span class="method-start">84088 ms</span>
              </div> <!-- test-method -->
              <div class="test-method">
                <span class="method-name">test_loginDDT(epaddief, tjillittf@prweb.com, zS5@/b<v=)</span>
                <span class="method-start">88644 ms</span>
              </div> <!-- test-method -->
              <div class="test-method">
                <img src="failed.png">
                </img>
                <span class="method-name">test_loginDDT(rlemerleg, sbettisg@sohu.com, yU5_0U~yY)</span>
                <span class="method-start">92458 ms</span>
              </div> <!-- test-method -->
              <div class="test-method">
                <img src="failed.png">
                </img>
                <span class="method-name">test_loginDDT(sscrimshawh, fberneyh@bloglines.com, iI8",V*7L{Eyw)</span>
                <span class="method-start">92550 ms</span>
              </div> <!-- test-method -->
              <div class="test-method">
                <img src="failed.png">
                </img>
                <span class="method-name">test_loginDDT(aripleyi, tskymi@example.com, pF7>*dV{'~a&3)</span>
                <span class="method-start">92594 ms</span>
              </div> <!-- test-method -->
              <div class="test-method">
                <img src="failed.png">
                </img>
                <span class="method-name">test_loginDDT(wguisoj, chenkerj@tumblr.com, cY0@iF%Ug)u)</span>
                <span class="method-start">92666 ms</span>
              </div> <!-- test-method -->
              <div class="test-method">
                <img src="failed.png">
                </img>
                <span class="method-name">test_loginDDT(lbritneyk, lchasierk@theglobeandmail.com, qM0\|eunU/s)</span>
                <span class="method-start">92720 ms</span>
              </div> <!-- test-method -->
              <div class="test-method">
                <img src="failed.png">
                </img>
                <span class="method-name">test_loginDDT(pdemeadl, ejeffl@nba.com, jD4&S|hLH)</span>
                <span class="method-start">92759 ms</span>
              </div> <!-- test-method -->
              <div class="test-method">
                <img src="failed.png">
                </img>
                <span class="method-name">test_loginDDT(amccalumm, ahandslipm@liveinternet.ru, kW9|X>EAEr,5Eg,)</span>
                <span class="method-start">92781 ms</span>
              </div> <!-- test-method -->
              <div class="test-method">
                <img src="failed.png">
                </img>
                <span class="method-name">test_loginDDT(egreensetn, seuln@infoseek.co.jp, eJ3~qyQ&!S(n)</span>
                <span class="method-start">92814 ms</span>
              </div> <!-- test-method -->
              <div class="test-method">
                <img src="failed.png">
                </img>
                <span class="method-name">test_loginDDT(dspringfordo, cgironeo@tuttocitta.it, jW3?g#Ql)czc<}<)</span>
                <span class="method-start">92839 ms</span>
              </div> <!-- test-method -->
              <div class="test-method">
                <img src="failed.png">
                </img>
                <span class="method-name">test_loginDDT(dwoollandp, dcamlinp@blogtalkradio.com, vN2}Y{p9A_#!o1)</span>
                <span class="method-start">92860 ms</span>
              </div> <!-- test-method -->
              <div class="test-method">
                <img src="failed.png">
                </img>
                <span class="method-name">test_loginDDT(rbyfordq, rhamelynq@yahoo.co.jp, kF5*nI(Bcp)</span>
                <span class="method-start">92879 ms</span>
              </div> <!-- test-method -->
              <div class="test-method">
                <img src="failed.png">
                </img>
                <span class="method-name">test_loginDDT(gblowingr, cabramzonr@netscape.com, wK3*P<U7_n"hji0k)</span>
                <span class="method-start">92896 ms</span>
              </div> <!-- test-method -->
              <div class="test-method">
                <img src="failed.png">
                </img>
                <span class="method-name">test_loginDDT(lkibbeys, rollets@seesaa.net, yX0=#vYLNDrKTEr)</span>
                <span class="method-start">92917 ms</span>
              </div> <!-- test-method -->
              <div class="test-method">
                <img src="failed.png">
                </img>
                <span class="method-name">test_loginDDT(mfreeart, gcharmant@timesonline.co.uk, kG5!MPUpJ!y)5D)</span>
                <span class="method-start">92933 ms</span>
              </div> <!-- test-method -->
              <div class="configuration-class after">
                <img src="failed.png">
                </img>
                <span class="method-name">tearDown</span>
                <span class="method-start">92949 ms</span>
              </div> <!-- configuration-class after -->
          </div> <!-- main-panel-content rounded-window-bottom -->
        </div> <!-- panel -->
      </div> <!-- main-panel-root -->
    </div> <!-- wrapper -->
  </body>
<script type="text/javascript" src="testng-reports2.js"></script>
</html>
