<?xml version="1.0" encoding="UTF-8"?>
<testng-results ignored="0" total="1" passed="1" failed="0" skipped="0">
  <reporter-output>
  </reporter-output>
  <suite started-at="2025-12-16T18:44:32 IST" name="Suite" finished-at="2025-12-16T18:44:52 IST" duration-ms="20458">
    <groups>
    </groups>
    <test started-at="2025-12-16T18:44:32 IST" name="Test" finished-at="2025-12-16T18:44:52 IST" duration-ms="20458">
      <class name="testCases.Test_01_RegistrationTest">
        <test-method is-config="true" signature="setup(java.lang.String,java.lang.String)[pri:0, instance:testCases.Test_01_RegistrationTest@4b2bac3f]" started-at="2025-12-16T18:44:32 IST" name="setup" finished-at="2025-12-16T18:44:39 IST" duration-ms="6691" status="PASS">
          <params>
            <param index="0">
              <value>
                <![CDATA[windows]]>
              </value>
            </param>
            <param index="1">
              <value>
                <![CDATA[chrome]]>
              </value>
            </param>
          </params>
          <reporter-output>
          </reporter-output>
        </test-method> <!-- setup -->
        <test-method signature="testRegistration()[pri:0, instance:testCases.Test_01_RegistrationTest@4b2bac3f]" started-at="2025-12-16T18:44:39 IST" name="testRegistration" finished-at="2025-12-16T18:44:52 IST" duration-ms="13281" status="PASS">
          <reporter-output>
          </reporter-output>
        </test-method> <!-- testRegistration -->
        <test-method is-config="true" signature="tearDown()[pri:0, instance:testCases.Test_01_RegistrationTest@4b2bac3f]" started-at="2025-12-16T18:44:52 IST" name="tearDown" finished-at="2025-12-16T18:44:52 IST" duration-ms="144" status="PASS">
          <reporter-output>
          </reporter-output>
        </test-method> <!-- tearDown -->
      </class> <!-- testCases.Test_01_RegistrationTest -->
    </test> <!-- Test -->
  </suite> <!-- Suite -->
</testng-results>
