<?xml version="1.0" encoding="UTF-8"?>
<testng-results ignored="0" total="1" passed="1" failed="0" skipped="0">
  <reporter-output>
  </reporter-output>
  <suite started-at="2026-01-03T10:05:36 IST" name="Suite" finished-at="2026-01-03T10:05:57 IST" duration-ms="21306">
    <groups>
      <group name="smoke">
        <method signature="Test_01_RegistrationTest.register_with_valid_details_should_create_new_user()[pri:0, instance:testCases.Test_01_RegistrationTest@b3ca52e]" name="register_with_valid_details_should_create_new_user" class="testCases.Test_01_RegistrationTest"/>
      </group> <!-- smoke -->
      <group name="registration">
        <method signature="Test_01_RegistrationTest.register_with_valid_details_should_create_new_user()[pri:0, instance:testCases.Test_01_RegistrationTest@b3ca52e]" name="register_with_valid_details_should_create_new_user" class="testCases.Test_01_RegistrationTest"/>
      </group> <!-- registration -->
    </groups>
    <test started-at="2026-01-03T10:05:36 IST" name="Test" finished-at="2026-01-03T10:05:57 IST" duration-ms="21306">
      <class name="testCases.Test_01_RegistrationTest">
        <test-method is-config="true" signature="setup(java.lang.String,java.lang.String)[pri:0, instance:testCases.Test_01_RegistrationTest@b3ca52e]" started-at="2026-01-03T10:05:36 IST" name="setup" finished-at="2026-01-03T10:05:49 IST" duration-ms="12870" status="PASS">
          <params>
            <param index="0">
              <value>
                <![CDATA[windows]]>
              </value>
            </param>
            <param index="1">
              <value>
                <![CDATA[chrome]]>
              </value>
            </param>
          </params>
          <reporter-output>
          </reporter-output>
        </test-method> <!-- setup -->
        <test-method signature="register_with_valid_details_should_create_new_user()[pri:0, instance:testCases.Test_01_RegistrationTest@b3ca52e]" started-at="2026-01-03T10:05:49 IST" name="register_with_valid_details_should_create_new_user" description="Verify user can register with valid details" finished-at="2026-01-03T10:05:57 IST" duration-ms="7653" status="PASS">
          <reporter-output>
          </reporter-output>
        </test-method> <!-- register_with_valid_details_should_create_new_user -->
        <test-method is-config="true" signature="tearDown()[pri:0, instance:testCases.Test_01_RegistrationTest@b3ca52e]" started-at="2026-01-03T10:05:57 IST" name="tearDown" finished-at="2026-01-03T10:05:57 IST" duration-ms="474" status="PASS">
          <reporter-output>
          </reporter-output>
        </test-method> <!-- tearDown -->
      </class> <!-- testCases.Test_01_RegistrationTest -->
    </test> <!-- Test -->
  </suite> <!-- Suite -->
</testng-results>
