<?xml version="1.0" encoding="UTF-8"?>
<testng-results ignored="0" total="30" passed="30" failed="0" skipped="0">
  <reporter-output>
  </reporter-output>
  <suite started-at="2026-01-01T14:22:18 IST" name="Suite" finished-at="2026-01-01T14:24:51 IST" duration-ms="152550">
    <groups>
      <group name="ddt">
        <method signature="Test_01_LoginDDT.test_login_ddt(java.lang.String,java.lang.String,java.lang.String)[pri:0, instance:testCases.Test_01_LoginDDT@3a52dba3]" name="test_login_ddt" class="testCases.Test_01_LoginDDT"/>
      </group> <!-- ddt -->
      <group name="regression">
        <method signature="Test_01_LoginDDT.test_login_ddt(java.lang.String,java.lang.String,java.lang.String)[pri:0, instance:testCases.Test_01_LoginDDT@3a52dba3]" name="test_login_ddt" class="testCases.Test_01_LoginDDT"/>
      </group> <!-- regression -->
      <group name="login">
        <method signature="Test_01_LoginDDT.test_login_ddt(java.lang.String,java.lang.String,java.lang.String)[pri:0, instance:testCases.Test_01_LoginDDT@3a52dba3]" name="test_login_ddt" class="testCases.Test_01_LoginDDT"/>
      </group> <!-- login -->
    </groups>
    <test started-at="2026-01-01T14:22:18 IST" name="Test" finished-at="2026-01-01T14:24:51 IST" duration-ms="152550">
      <class name="testCases.Test_01_LoginDDT">
        <test-method is-config="true" signature="setup(java.lang.String,java.lang.String)[pri:0, instance:testCases.Test_01_LoginDDT@3a52dba3]" started-at="2026-01-01T14:22:18 IST" name="setup" finished-at="2026-01-01T14:22:28 IST" duration-ms="10073" status="PASS">
          <params>
            <param index="0">
              <value>
                <![CDATA[windows]]>
              </value>
            </param>
            <param index="1">
              <value>
                <![CDATA[chrome]]>
              </value>
            </param>
          </params>
          <reporter-output>
          </reporter-output>
        </test-method> <!-- setup -->
        <test-method signature="test_login_ddt(java.lang.String,java.lang.String,java.lang.String)[pri:0, instance:testCases.Test_01_LoginDDT@3a52dba3]" started-at="2026-01-01T14:22:34 IST" name="test_login_ddt" description="Verify login functionality with multiple credentials" data-provider="LoginData" finished-at="2026-01-01T14:22:43 IST" duration-ms="9326" status="PASS">
          <params>
            <param index="0">
              <value>
                <![CDATA[epeskett0]]>
              </value>
            </param>
            <param index="1">
              <value>
                <![CDATA[kmckeney0@thetimes.co.uk]]>
              </value>
            </param>
            <param index="2">
              <value>
                <![CDATA[lM3(d"|iB!,e*/2]]>
              </value>
            </param>
          </params>
          <reporter-output>
          </reporter-output>
        </test-method> <!-- test_login_ddt -->
        <test-method signature="test_login_ddt(java.lang.String,java.lang.String,java.lang.String)[pri:0, instance:testCases.Test_01_LoginDDT@3a52dba3]" started-at="2026-01-01T14:22:43 IST" name="test_login_ddt" description="Verify login functionality with multiple credentials" data-provider="LoginData" finished-at="2026-01-01T14:22:49 IST" duration-ms="5455" status="PASS">
          <params>
            <param index="0">
              <value>
                <![CDATA[tcasetti1]]>
              </value>
            </param>
            <param index="1">
              <value>
                <![CDATA[ccousin1@yellowpages.com]]>
              </value>
            </param>
            <param index="2">
              <value>
                <![CDATA[xP1"42*n!FS]]>
              </value>
            </param>
          </params>
          <reporter-output>
          </reporter-output>
        </test-method> <!-- test_login_ddt -->
        <test-method signature="test_login_ddt(java.lang.String,java.lang.String,java.lang.String)[pri:0, instance:testCases.Test_01_LoginDDT@3a52dba3]" started-at="2026-01-01T14:22:49 IST" name="test_login_ddt" description="Verify login functionality with multiple credentials" data-provider="LoginData" finished-at="2026-01-01T14:22:54 IST" duration-ms="5254" status="PASS">
          <params>
            <param index="0">
              <value>
                <![CDATA[wdressell2]]>
              </value>
            </param>
            <param index="1">
              <value>
                <![CDATA[dmarron2@nytimes.com]]>
              </value>
            </param>
            <param index="2">
              <value>
                <![CDATA[nU5{,B"&+y]]>
              </value>
            </param>
          </params>
          <reporter-output>
          </reporter-output>
        </test-method> <!-- test_login_ddt -->
        <test-method signature="test_login_ddt(java.lang.String,java.lang.String,java.lang.String)[pri:0, instance:testCases.Test_01_LoginDDT@3a52dba3]" started-at="2026-01-01T14:22:54 IST" name="test_login_ddt" description="Verify login functionality with multiple credentials" data-provider="LoginData" finished-at="2026-01-01T14:22:59 IST" duration-ms="5498" status="PASS">
          <params>
            <param index="0">
              <value>
                <![CDATA[sbramley3]]>
              </value>
            </param>
            <param index="1">
              <value>
                <![CDATA[mcroxley3@jugem.jp]]>
              </value>
            </param>
            <param index="2">
              <value>
                <![CDATA[kP5!)<8JPGT}]]>
              </value>
            </param>
          </params>
          <reporter-output>
          </reporter-output>
        </test-method> <!-- test_login_ddt -->
        <test-method signature="test_login_ddt(java.lang.String,java.lang.String,java.lang.String)[pri:0, instance:testCases.Test_01_LoginDDT@3a52dba3]" started-at="2026-01-01T14:22:59 IST" name="test_login_ddt" description="Verify login functionality with multiple credentials" data-provider="LoginData" finished-at="2026-01-01T14:23:04 IST" duration-ms="4562" status="PASS">
          <params>
            <param index="0">
              <value>
                <![CDATA[rcaldaro4]]>
              </value>
            </param>
            <param index="1">
              <value>
                <![CDATA[cfarloe4@tumblr.com]]>
              </value>
            </param>
            <param index="2">
              <value>
                <![CDATA[bW6.!UKIv"P6=MR]]>
              </value>
            </param>
          </params>
          <reporter-output>
          </reporter-output>
        </test-method> <!-- test_login_ddt -->
        <test-method signature="test_login_ddt(java.lang.String,java.lang.String,java.lang.String)[pri:0, instance:testCases.Test_01_LoginDDT@3a52dba3]" started-at="2026-01-01T14:23:04 IST" name="test_login_ddt" description="Verify login functionality with multiple credentials" data-provider="LoginData" finished-at="2026-01-01T14:23:09 IST" duration-ms="4861" status="PASS">
          <params>
            <param index="0">
              <value>
                <![CDATA[iriccioppo5]]>
              </value>
            </param>
            <param index="1">
              <value>
                <![CDATA[wgifford5@marketwatch.com]]>
              </value>
            </param>
            <param index="2">
              <value>
                <![CDATA[gH7&k2c!{2d}C{<]]>
              </value>
            </param>
          </params>
          <reporter-output>
          </reporter-output>
        </test-method> <!-- test_login_ddt -->
        <test-method signature="test_login_ddt(java.lang.String,java.lang.String,java.lang.String)[pri:0, instance:testCases.Test_01_LoginDDT@3a52dba3]" started-at="2026-01-01T14:23:09 IST" name="test_login_ddt" description="Verify login functionality with multiple credentials" data-provider="LoginData" finished-at="2026-01-01T14:23:13 IST" duration-ms="4029" status="PASS">
          <params>
            <param index="0">
              <value>
                <![CDATA[dvel6]]>
              </value>
            </param>
            <param index="1">
              <value>
                <![CDATA[dflegg6@wordpress.com]]>
              </value>
            </param>
            <param index="2">
              <value>
                <![CDATA[zR5~5}W)*34dLP}]]>
              </value>
            </param>
          </params>
          <reporter-output>
          </reporter-output>
        </test-method> <!-- test_login_ddt -->
        <test-method signature="test_login_ddt(java.lang.String,java.lang.String,java.lang.String)[pri:0, instance:testCases.Test_01_LoginDDT@3a52dba3]" started-at="2026-01-01T14:23:13 IST" name="test_login_ddt" description="Verify login functionality with multiple credentials" data-provider="LoginData" finished-at="2026-01-01T14:23:17 IST" duration-ms="4219" status="PASS">
          <params>
            <param index="0">
              <value>
                <![CDATA[rghelerdini7]]>
              </value>
            </param>
            <param index="1">
              <value>
                <![CDATA[sgravy7@about.me]]>
              </value>
            </param>
            <param index="2">
              <value>
                <![CDATA[lR2(B5=9>v?vK]]>
              </value>
            </param>
          </params>
          <reporter-output>
          </reporter-output>
        </test-method> <!-- test_login_ddt -->
        <test-method signature="test_login_ddt(java.lang.String,java.lang.String,java.lang.String)[pri:0, instance:testCases.Test_01_LoginDDT@3a52dba3]" started-at="2026-01-01T14:23:17 IST" name="test_login_ddt" description="Verify login functionality with multiple credentials" data-provider="LoginData" finished-at="2026-01-01T14:23:21 IST" duration-ms="4013" status="PASS">
          <params>
            <param index="0">
              <value>
                <![CDATA[bruxton8]]>
              </value>
            </param>
            <param index="1">
              <value>
                <![CDATA[jbaffin8@mozilla.org]]>
              </value>
            </param>
            <param index="2">
              <value>
                <![CDATA[xJ5&iZs#x2o]]>
              </value>
            </param>
          </params>
          <reporter-output>
          </reporter-output>
        </test-method> <!-- test_login_ddt -->
        <test-method signature="test_login_ddt(java.lang.String,java.lang.String,java.lang.String)[pri:0, instance:testCases.Test_01_LoginDDT@3a52dba3]" started-at="2026-01-01T14:23:21 IST" name="test_login_ddt" description="Verify login functionality with multiple credentials" data-provider="LoginData" finished-at="2026-01-01T14:23:26 IST" duration-ms="4844" status="PASS">
          <params>
            <param index="0">
              <value>
                <![CDATA[mtie9]]>
              </value>
            </param>
            <param index="1">
              <value>
                <![CDATA[rpenas9@redcross.org]]>
              </value>
            </param>
            <param index="2">
              <value>
                <![CDATA[iT0"aqzeppJH+*J]]>
              </value>
            </param>
          </params>
          <reporter-output>
          </reporter-output>
        </test-method> <!-- test_login_ddt -->
        <test-method signature="test_login_ddt(java.lang.String,java.lang.String,java.lang.String)[pri:0, instance:testCases.Test_01_LoginDDT@3a52dba3]" started-at="2026-01-01T14:23:26 IST" name="test_login_ddt" description="Verify login functionality with multiple credentials" data-provider="LoginData" finished-at="2026-01-01T14:23:31 IST" duration-ms="4572" status="PASS">
          <params>
            <param index="0">
              <value>
                <![CDATA[pjoriota]]>
              </value>
            </param>
            <param index="1">
              <value>
                <![CDATA[etomczynskia@amazon.com]]>
              </value>
            </param>
            <param index="2">
              <value>
                <![CDATA[pM8)wM#\HU)2v]]>
              </value>
            </param>
          </params>
          <reporter-output>
          </reporter-output>
        </test-method> <!-- test_login_ddt -->
        <test-method signature="test_login_ddt(java.lang.String,java.lang.String,java.lang.String)[pri:0, instance:testCases.Test_01_LoginDDT@3a52dba3]" started-at="2026-01-01T14:23:31 IST" name="test_login_ddt" description="Verify login functionality with multiple credentials" data-provider="LoginData" finished-at="2026-01-01T14:23:35 IST" duration-ms="4520" status="PASS">
          <params>
            <param index="0">
              <value>
                <![CDATA[hbroxtonb]]>
              </value>
            </param>
            <param index="1">
              <value>
                <![CDATA[caleavyb@lulu.com]]>
              </value>
            </param>
            <param index="2">
              <value>
                <![CDATA[fD6}+B*)<@R!L+r]]>
              </value>
            </param>
          </params>
          <reporter-output>
          </reporter-output>
        </test-method> <!-- test_login_ddt -->
        <test-method signature="test_login_ddt(java.lang.String,java.lang.String,java.lang.String)[pri:0, instance:testCases.Test_01_LoginDDT@3a52dba3]" started-at="2026-01-01T14:23:35 IST" name="test_login_ddt" description="Verify login functionality with multiple credentials" data-provider="LoginData" finished-at="2026-01-01T14:23:40 IST" duration-ms="4880" status="PASS">
          <params>
            <param index="0">
              <value>
                <![CDATA[tarlottc]]>
              </value>
            </param>
            <param index="1">
              <value>
                <![CDATA[aitzcovichc@phoca.cz]]>
              </value>
            </param>
            <param index="2">
              <value>
                <![CDATA[eJ7)Ui1hU!/.]]>
              </value>
            </param>
          </params>
          <reporter-output>
          </reporter-output>
        </test-method> <!-- test_login_ddt -->
        <test-method signature="test_login_ddt(java.lang.String,java.lang.String,java.lang.String)[pri:0, instance:testCases.Test_01_LoginDDT@3a52dba3]" started-at="2026-01-01T14:23:40 IST" name="test_login_ddt" description="Verify login functionality with multiple credentials" data-provider="LoginData" finished-at="2026-01-01T14:23:45 IST" duration-ms="5228" status="PASS">
          <params>
            <param index="0">
              <value>
                <![CDATA[gwillerstoned]]>
              </value>
            </param>
            <param index="1">
              <value>
                <![CDATA[cmancerd@livejournal.com]]>
              </value>
            </param>
            <param index="2">
              <value>
                <![CDATA[sC7.*D'cFnL'w!)]]>
              </value>
            </param>
          </params>
          <reporter-output>
          </reporter-output>
        </test-method> <!-- test_login_ddt -->
        <test-method signature="test_login_ddt(java.lang.String,java.lang.String,java.lang.String)[pri:0, instance:testCases.Test_01_LoginDDT@3a52dba3]" started-at="2026-01-01T14:23:45 IST" name="test_login_ddt" description="Verify login functionality with multiple credentials" data-provider="LoginData" finished-at="2026-01-01T14:23:49 IST" duration-ms="4039" status="PASS">
          <params>
            <param index="0">
              <value>
                <![CDATA[amacalpinee]]>
              </value>
            </param>
            <param index="1">
              <value>
                <![CDATA[smclenaghane@toplist.cz]]>
              </value>
            </param>
            <param index="2">
              <value>
                <![CDATA[lZ2+g,ElD"]]>
              </value>
            </param>
          </params>
          <reporter-output>
          </reporter-output>
        </test-method> <!-- test_login_ddt -->
        <test-method signature="test_login_ddt(java.lang.String,java.lang.String,java.lang.String)[pri:0, instance:testCases.Test_01_LoginDDT@3a52dba3]" started-at="2026-01-01T14:23:49 IST" name="test_login_ddt" description="Verify login functionality with multiple credentials" data-provider="LoginData" finished-at="2026-01-01T14:23:53 IST" duration-ms="3986" status="PASS">
          <params>
            <param index="0">
              <value>
                <![CDATA[epaddief]]>
              </value>
            </param>
            <param index="1">
              <value>
                <![CDATA[tjillittf@prweb.com]]>
              </value>
            </param>
            <param index="2">
              <value>
                <![CDATA[zS5@/b<v=]]>
              </value>
            </param>
          </params>
          <reporter-output>
          </reporter-output>
        </test-method> <!-- test_login_ddt -->
        <test-method signature="test_login_ddt(java.lang.String,java.lang.String,java.lang.String)[pri:0, instance:testCases.Test_01_LoginDDT@3a52dba3]" started-at="2026-01-01T14:23:53 IST" name="test_login_ddt" description="Verify login functionality with multiple credentials" data-provider="LoginData" finished-at="2026-01-01T14:23:57 IST" duration-ms="4198" status="PASS">
          <params>
            <param index="0">
              <value>
                <![CDATA[rlemerleg]]>
              </value>
            </param>
            <param index="1">
              <value>
                <![CDATA[sbettisg@sohu.com]]>
              </value>
            </param>
            <param index="2">
              <value>
                <![CDATA[yU5_0U~yY]]>
              </value>
            </param>
          </params>
          <reporter-output>
          </reporter-output>
        </test-method> <!-- test_login_ddt -->
        <test-method signature="test_login_ddt(java.lang.String,java.lang.String,java.lang.String)[pri:0, instance:testCases.Test_01_LoginDDT@3a52dba3]" started-at="2026-01-01T14:23:57 IST" name="test_login_ddt" description="Verify login functionality with multiple credentials" data-provider="LoginData" finished-at="2026-01-01T14:24:02 IST" duration-ms="4338" status="PASS">
          <params>
            <param index="0">
              <value>
                <![CDATA[sscrimshawh]]>
              </value>
            </param>
            <param index="1">
              <value>
                <![CDATA[fberneyh@bloglines.com]]>
              </value>
            </param>
            <param index="2">
              <value>
                <![CDATA[iI8",V*7L{Eyw]]>
              </value>
            </param>
          </params>
          <reporter-output>
          </reporter-output>
        </test-method> <!-- test_login_ddt -->
        <test-method signature="test_login_ddt(java.lang.String,java.lang.String,java.lang.String)[pri:0, instance:testCases.Test_01_LoginDDT@3a52dba3]" started-at="2026-01-01T14:24:02 IST" name="test_login_ddt" description="Verify login functionality with multiple credentials" data-provider="LoginData" finished-at="2026-01-01T14:24:06 IST" duration-ms="4003" status="PASS">
          <params>
            <param index="0">
              <value>
                <![CDATA[aripleyi]]>
              </value>
            </param>
            <param index="1">
              <value>
                <![CDATA[tskymi@example.com]]>
              </value>
            </param>
            <param index="2">
              <value>
                <![CDATA[pF7>*dV{'~a&3]]>
              </value>
            </param>
          </params>
          <reporter-output>
          </reporter-output>
        </test-method> <!-- test_login_ddt -->
        <test-method signature="test_login_ddt(java.lang.String,java.lang.String,java.lang.String)[pri:0, instance:testCases.Test_01_LoginDDT@3a52dba3]" started-at="2026-01-01T14:24:06 IST" name="test_login_ddt" description="Verify login functionality with multiple credentials" data-provider="LoginData" finished-at="2026-01-01T14:24:10 IST" duration-ms="4055" status="PASS">
          <params>
            <param index="0">
              <value>
                <![CDATA[wguisoj]]>
              </value>
            </param>
            <param index="1">
              <value>
                <![CDATA[chenkerj@tumblr.com]]>
              </value>
            </param>
            <param index="2">
              <value>
                <![CDATA[cY0@iF%Ug)u]]>
              </value>
            </param>
          </params>
          <reporter-output>
          </reporter-output>
        </test-method> <!-- test_login_ddt -->
        <test-method signature="test_login_ddt(java.lang.String,java.lang.String,java.lang.String)[pri:0, instance:testCases.Test_01_LoginDDT@3a52dba3]" started-at="2026-01-01T14:24:10 IST" name="test_login_ddt" description="Verify login functionality with multiple credentials" data-provider="LoginData" finished-at="2026-01-01T14:24:14 IST" duration-ms="4151" status="PASS">
          <params>
            <param index="0">
              <value>
                <![CDATA[lbritneyk]]>
              </value>
            </param>
            <param index="1">
              <value>
                <![CDATA[lchasierk@theglobeandmail.com]]>
              </value>
            </param>
            <param index="2">
              <value>
                <![CDATA[qM0\|eunU/s]]>
              </value>
            </param>
          </params>
          <reporter-output>
          </reporter-output>
        </test-method> <!-- test_login_ddt -->
        <test-method signature="test_login_ddt(java.lang.String,java.lang.String,java.lang.String)[pri:0, instance:testCases.Test_01_LoginDDT@3a52dba3]" started-at="2026-01-01T14:24:14 IST" name="test_login_ddt" description="Verify login functionality with multiple credentials" data-provider="LoginData" finished-at="2026-01-01T14:24:18 IST" duration-ms="4010" status="PASS">
          <params>
            <param index="0">
              <value>
                <![CDATA[pdemeadl]]>
              </value>
            </param>
            <param index="1">
              <value>
                <![CDATA[ejeffl@nba.com]]>
              </value>
            </param>
            <param index="2">
              <value>
                <![CDATA[jD4&S|hLH]]>
              </value>
            </param>
          </params>
          <reporter-output>
          </reporter-output>
        </test-method> <!-- test_login_ddt -->
        <test-method signature="test_login_ddt(java.lang.String,java.lang.String,java.lang.String)[pri:0, instance:testCases.Test_01_LoginDDT@3a52dba3]" started-at="2026-01-01T14:24:18 IST" name="test_login_ddt" description="Verify login functionality with multiple credentials" data-provider="LoginData" finished-at="2026-01-01T14:24:22 IST" duration-ms="4031" status="PASS">
          <params>
            <param index="0">
              <value>
                <![CDATA[amccalumm]]>
              </value>
            </param>
            <param index="1">
              <value>
                <![CDATA[ahandslipm@liveinternet.ru]]>
              </value>
            </param>
            <param index="2">
              <value>
                <![CDATA[kW9|X>EAEr,5Eg,]]>
              </value>
            </param>
          </params>
          <reporter-output>
          </reporter-output>
        </test-method> <!-- test_login_ddt -->
        <test-method signature="test_login_ddt(java.lang.String,java.lang.String,java.lang.String)[pri:0, instance:testCases.Test_01_LoginDDT@3a52dba3]" started-at="2026-01-01T14:24:22 IST" name="test_login_ddt" description="Verify login functionality with multiple credentials" data-provider="LoginData" finished-at="2026-01-01T14:24:26 IST" duration-ms="4152" status="PASS">
          <params>
            <param index="0">
              <value>
                <![CDATA[egreensetn]]>
              </value>
            </param>
            <param index="1">
              <value>
                <![CDATA[seuln@infoseek.co.jp]]>
              </value>
            </param>
            <param index="2">
              <value>
                <![CDATA[eJ3~qyQ&!S(n]]>
              </value>
            </param>
          </params>
          <reporter-output>
          </reporter-output>
        </test-method> <!-- test_login_ddt -->
        <test-method signature="test_login_ddt(java.lang.String,java.lang.String,java.lang.String)[pri:0, instance:testCases.Test_01_LoginDDT@3a52dba3]" started-at="2026-01-01T14:24:26 IST" name="test_login_ddt" description="Verify login functionality with multiple credentials" data-provider="LoginData" finished-at="2026-01-01T14:24:30 IST" duration-ms="4132" status="PASS">
          <params>
            <param index="0">
              <value>
                <![CDATA[dspringfordo]]>
              </value>
            </param>
            <param index="1">
              <value>
                <![CDATA[cgironeo@tuttocitta.it]]>
              </value>
            </param>
            <param index="2">
              <value>
                <![CDATA[jW3?g#Ql)czc<}<]]>
              </value>
            </param>
          </params>
          <reporter-output>
          </reporter-output>
        </test-method> <!-- test_login_ddt -->
        <test-method signature="test_login_ddt(java.lang.String,java.lang.String,java.lang.String)[pri:0, instance:testCases.Test_01_LoginDDT@3a52dba3]" started-at="2026-01-01T14:24:30 IST" name="test_login_ddt" description="Verify login functionality with multiple credentials" data-provider="LoginData" finished-at="2026-01-01T14:24:34 IST" duration-ms="3987" status="PASS">
          <params>
            <param index="0">
              <value>
                <![CDATA[dwoollandp]]>
              </value>
            </param>
            <param index="1">
              <value>
                <![CDATA[dcamlinp@blogtalkradio.com]]>
              </value>
            </param>
            <param index="2">
              <value>
                <![CDATA[vN2}Y{p9A_#!o1]]>
              </value>
            </param>
          </params>
          <reporter-output>
          </reporter-output>
        </test-method> <!-- test_login_ddt -->
        <test-method signature="test_login_ddt(java.lang.String,java.lang.String,java.lang.String)[pri:0, instance:testCases.Test_01_LoginDDT@3a52dba3]" started-at="2026-01-01T14:24:34 IST" name="test_login_ddt" description="Verify login functionality with multiple credentials" data-provider="LoginData" finished-at="2026-01-01T14:24:38 IST" duration-ms="3964" status="PASS">
          <params>
            <param index="0">
              <value>
                <![CDATA[rbyfordq]]>
              </value>
            </param>
            <param index="1">
              <value>
                <![CDATA[rhamelynq@yahoo.co.jp]]>
              </value>
            </param>
            <param index="2">
              <value>
                <![CDATA[kF5*nI(Bcp]]>
              </value>
            </param>
          </params>
          <reporter-output>
          </reporter-output>
        </test-method> <!-- test_login_ddt -->
        <test-method signature="test_login_ddt(java.lang.String,java.lang.String,java.lang.String)[pri:0, instance:testCases.Test_01_LoginDDT@3a52dba3]" started-at="2026-01-01T14:24:38 IST" name="test_login_ddt" description="Verify login functionality with multiple credentials" data-provider="LoginData" finished-at="2026-01-01T14:24:42 IST" duration-ms="3968" status="PASS">
          <params>
            <param index="0">
              <value>
                <![CDATA[gblowingr]]>
              </value>
            </param>
            <param index="1">
              <value>
                <![CDATA[cabramzonr@netscape.com]]>
              </value>
            </param>
            <param index="2">
              <value>
                <![CDATA[wK3*P<U7_n"hji0k]]>
              </value>
            </param>
          </params>
          <reporter-output>
          </reporter-output>
        </test-method> <!-- test_login_ddt -->
        <test-method signature="test_login_ddt(java.lang.String,java.lang.String,java.lang.String)[pri:0, instance:testCases.Test_01_LoginDDT@3a52dba3]" started-at="2026-01-01T14:24:42 IST" name="test_login_ddt" description="Verify login functionality with multiple credentials" data-provider="LoginData" finished-at="2026-01-01T14:24:46 IST" duration-ms="4103" status="PASS">
          <params>
            <param index="0">
              <value>
                <![CDATA[lkibbeys]]>
              </value>
            </param>
            <param index="1">
              <value>
                <![CDATA[rollets@seesaa.net]]>
              </value>
            </param>
            <param index="2">
              <value>
                <![CDATA[yX0=#vYLNDrKTEr]]>
              </value>
            </param>
          </params>
          <reporter-output>
          </reporter-output>
        </test-method> <!-- test_login_ddt -->
        <test-method signature="test_login_ddt(java.lang.String,java.lang.String,java.lang.String)[pri:0, instance:testCases.Test_01_LoginDDT@3a52dba3]" started-at="2026-01-01T14:24:46 IST" name="test_login_ddt" description="Verify login functionality with multiple credentials" data-provider="LoginData" finished-at="2026-01-01T14:24:50 IST" duration-ms="4032" status="PASS">
          <params>
            <param index="0">
              <value>
                <![CDATA[mfreeart]]>
              </value>
            </param>
            <param index="1">
              <value>
                <![CDATA[gcharmant@timesonline.co.uk]]>
              </value>
            </param>
            <param index="2">
              <value>
                <![CDATA[kG5!MPUpJ!y)5D]]>
              </value>
            </param>
          </params>
          <reporter-output>
          </reporter-output>
        </test-method> <!-- test_login_ddt -->
        <test-method is-config="true" signature="tearDown()[pri:0, instance:testCases.Test_01_LoginDDT@3a52dba3]" started-at="2026-01-01T14:24:50 IST" name="tearDown" finished-at="2026-01-01T14:24:51 IST" duration-ms="365" status="PASS">
          <reporter-output>
          </reporter-output>
        </test-method> <!-- tearDown -->
      </class> <!-- testCases.Test_01_LoginDDT -->
    </test> <!-- Test -->
  </suite> <!-- Suite -->
</testng-results>
