<?xml version="1.0" encoding="UTF-8"?>
<!-- Generated by org.testng.reporters.JUnitReportReporter -->
<testsuite hostname="DESKTOP-8S195GN" failures="0" tests="3" name="testCases.Test_01_RegistrationTest" time="23.431" errors="0" timestamp="2025-12-16T19:45:54 IST" skipped="0">
  <testcase classname="testCases.Test_01_RegistrationTest" name="testRegistration" time="7.579"/>
  <testcase classname="testCases.Test_01_RegistrationTest" name="testRegistration" time="7.633"/>
  <testcase classname="testCases.Test_01_RegistrationTest" name="testRegistration" time="8.219"/>
</testsuite> <!-- testCases.Test_01_RegistrationTest -->
